[2025-09-05T00:00:45.655+0000] {processor.py:161} INFO - Started process (PID=243) to work on /opt/airflow/dags/banvic_dag.py
[2025-09-05T00:00:45.665+0000] {processor.py:830} INFO - Processing file /opt/airflow/dags/banvic_dag.py for tasks to queue
[2025-09-05T00:00:45.689+0000] {logging_mixin.py:188} INFO - [2025-09-05T00:00:45.685+0000] {dagbag.py:538} INFO - Filling up the DagBag from /opt/airflow/dags/banvic_dag.py
[2025-09-05T00:00:47.523+0000] {processor.py:840} INFO - DAG(s) 'banvic_etl' retrieved from /opt/airflow/dags/banvic_dag.py
[2025-09-05T00:00:47.639+0000] {logging_mixin.py:188} INFO - [2025-09-05T00:00:47.636+0000] {dag.py:3036} INFO - Sync 1 DAGs
[2025-09-05T00:00:47.753+0000] {logging_mixin.py:188} INFO - [2025-09-05T00:00:47.752+0000] {dag.py:3823} INFO - Setting next_dagrun for banvic_etl to 2025-09-04 04:35:00+00:00, run_after=2025-09-05 04:35:00+00:00
[2025-09-05T00:00:47.823+0000] {processor.py:183} INFO - Processing /opt/airflow/dags/banvic_dag.py took 2.174 seconds
[2025-09-05T00:01:18.584+0000] {processor.py:161} INFO - Started process (PID=249) to work on /opt/airflow/dags/banvic_dag.py
[2025-09-05T00:01:18.587+0000] {processor.py:830} INFO - Processing file /opt/airflow/dags/banvic_dag.py for tasks to queue
[2025-09-05T00:01:18.589+0000] {logging_mixin.py:188} INFO - [2025-09-05T00:01:18.588+0000] {dagbag.py:538} INFO - Filling up the DagBag from /opt/airflow/dags/banvic_dag.py
[2025-09-05T00:01:19.079+0000] {processor.py:840} INFO - DAG(s) 'banvic_etl' retrieved from /opt/airflow/dags/banvic_dag.py
[2025-09-05T00:01:19.152+0000] {logging_mixin.py:188} INFO - [2025-09-05T00:01:19.152+0000] {dag.py:3036} INFO - Sync 1 DAGs
[2025-09-05T00:01:19.203+0000] {logging_mixin.py:188} INFO - [2025-09-05T00:01:19.203+0000] {dag.py:3823} INFO - Setting next_dagrun for banvic_etl to 2025-09-04 04:35:00+00:00, run_after=2025-09-05 04:35:00+00:00
[2025-09-05T00:01:19.243+0000] {processor.py:183} INFO - Processing /opt/airflow/dags/banvic_dag.py took 0.666 seconds
[2025-09-05T00:01:49.934+0000] {processor.py:161} INFO - Started process (PID=255) to work on /opt/airflow/dags/banvic_dag.py
[2025-09-05T00:01:49.936+0000] {processor.py:830} INFO - Processing file /opt/airflow/dags/banvic_dag.py for tasks to queue
[2025-09-05T00:01:49.938+0000] {logging_mixin.py:188} INFO - [2025-09-05T00:01:49.937+0000] {dagbag.py:538} INFO - Filling up the DagBag from /opt/airflow/dags/banvic_dag.py
[2025-09-05T00:01:50.378+0000] {processor.py:840} INFO - DAG(s) 'banvic_etl' retrieved from /opt/airflow/dags/banvic_dag.py
[2025-09-05T00:01:50.465+0000] {logging_mixin.py:188} INFO - [2025-09-05T00:01:50.464+0000] {dag.py:3036} INFO - Sync 1 DAGs
[2025-09-05T00:01:50.510+0000] {logging_mixin.py:188} INFO - [2025-09-05T00:01:50.510+0000] {dag.py:3823} INFO - Setting next_dagrun for banvic_etl to 2025-09-04 04:35:00+00:00, run_after=2025-09-05 04:35:00+00:00
[2025-09-05T00:01:50.552+0000] {processor.py:183} INFO - Processing /opt/airflow/dags/banvic_dag.py took 0.625 seconds
[2025-09-05T00:02:20.774+0000] {processor.py:161} INFO - Started process (PID=261) to work on /opt/airflow/dags/banvic_dag.py
[2025-09-05T00:02:20.776+0000] {processor.py:830} INFO - Processing file /opt/airflow/dags/banvic_dag.py for tasks to queue
[2025-09-05T00:02:20.778+0000] {logging_mixin.py:188} INFO - [2025-09-05T00:02:20.777+0000] {dagbag.py:538} INFO - Filling up the DagBag from /opt/airflow/dags/banvic_dag.py
[2025-09-05T00:02:21.374+0000] {processor.py:840} INFO - DAG(s) 'banvic_etl' retrieved from /opt/airflow/dags/banvic_dag.py
[2025-09-05T00:02:21.463+0000] {logging_mixin.py:188} INFO - [2025-09-05T00:02:21.462+0000] {dag.py:3036} INFO - Sync 1 DAGs
[2025-09-05T00:02:21.517+0000] {logging_mixin.py:188} INFO - [2025-09-05T00:02:21.517+0000] {dag.py:3823} INFO - Setting next_dagrun for banvic_etl to 2025-09-04 04:35:00+00:00, run_after=2025-09-05 04:35:00+00:00
[2025-09-05T00:02:21.560+0000] {processor.py:183} INFO - Processing /opt/airflow/dags/banvic_dag.py took 0.792 seconds
[2025-09-05T00:02:52.151+0000] {processor.py:161} INFO - Started process (PID=267) to work on /opt/airflow/dags/banvic_dag.py
[2025-09-05T00:02:52.156+0000] {processor.py:830} INFO - Processing file /opt/airflow/dags/banvic_dag.py for tasks to queue
[2025-09-05T00:02:52.158+0000] {logging_mixin.py:188} INFO - [2025-09-05T00:02:52.157+0000] {dagbag.py:538} INFO - Filling up the DagBag from /opt/airflow/dags/banvic_dag.py
[2025-09-05T00:02:52.645+0000] {processor.py:840} INFO - DAG(s) 'banvic_etl' retrieved from /opt/airflow/dags/banvic_dag.py
[2025-09-05T00:02:52.730+0000] {logging_mixin.py:188} INFO - [2025-09-05T00:02:52.729+0000] {dag.py:3036} INFO - Sync 1 DAGs
[2025-09-05T00:02:52.779+0000] {logging_mixin.py:188} INFO - [2025-09-05T00:02:52.778+0000] {dag.py:3823} INFO - Setting next_dagrun for banvic_etl to 2025-09-04 04:35:00+00:00, run_after=2025-09-05 04:35:00+00:00
[2025-09-05T00:02:52.832+0000] {processor.py:183} INFO - Processing /opt/airflow/dags/banvic_dag.py took 0.687 seconds
[2025-09-05T00:03:23.688+0000] {processor.py:161} INFO - Started process (PID=273) to work on /opt/airflow/dags/banvic_dag.py
[2025-09-05T00:03:23.690+0000] {processor.py:830} INFO - Processing file /opt/airflow/dags/banvic_dag.py for tasks to queue
[2025-09-05T00:03:23.692+0000] {logging_mixin.py:188} INFO - [2025-09-05T00:03:23.691+0000] {dagbag.py:538} INFO - Filling up the DagBag from /opt/airflow/dags/banvic_dag.py
[2025-09-05T00:03:24.198+0000] {processor.py:840} INFO - DAG(s) 'banvic_etl' retrieved from /opt/airflow/dags/banvic_dag.py
[2025-09-05T00:03:24.281+0000] {logging_mixin.py:188} INFO - [2025-09-05T00:03:24.280+0000] {dag.py:3036} INFO - Sync 1 DAGs
[2025-09-05T00:03:24.333+0000] {logging_mixin.py:188} INFO - [2025-09-05T00:03:24.333+0000] {dag.py:3823} INFO - Setting next_dagrun for banvic_etl to 2025-09-04 04:35:00+00:00, run_after=2025-09-05 04:35:00+00:00
[2025-09-05T00:03:24.379+0000] {processor.py:183} INFO - Processing /opt/airflow/dags/banvic_dag.py took 0.698 seconds
[2025-09-05T00:03:54.882+0000] {processor.py:161} INFO - Started process (PID=279) to work on /opt/airflow/dags/banvic_dag.py
[2025-09-05T00:03:54.884+0000] {processor.py:830} INFO - Processing file /opt/airflow/dags/banvic_dag.py for tasks to queue
[2025-09-05T00:03:54.886+0000] {logging_mixin.py:188} INFO - [2025-09-05T00:03:54.885+0000] {dagbag.py:538} INFO - Filling up the DagBag from /opt/airflow/dags/banvic_dag.py
[2025-09-05T00:03:55.415+0000] {processor.py:840} INFO - DAG(s) 'banvic_etl' retrieved from /opt/airflow/dags/banvic_dag.py
[2025-09-05T00:03:55.495+0000] {logging_mixin.py:188} INFO - [2025-09-05T00:03:55.493+0000] {dag.py:3036} INFO - Sync 1 DAGs
[2025-09-05T00:03:55.544+0000] {logging_mixin.py:188} INFO - [2025-09-05T00:03:55.544+0000] {dag.py:3823} INFO - Setting next_dagrun for banvic_etl to 2025-09-04 04:35:00+00:00, run_after=2025-09-05 04:35:00+00:00
[2025-09-05T00:03:55.589+0000] {processor.py:183} INFO - Processing /opt/airflow/dags/banvic_dag.py took 0.721 seconds
[2025-09-05T00:04:26.230+0000] {processor.py:161} INFO - Started process (PID=285) to work on /opt/airflow/dags/banvic_dag.py
[2025-09-05T00:04:26.232+0000] {processor.py:830} INFO - Processing file /opt/airflow/dags/banvic_dag.py for tasks to queue
[2025-09-05T00:04:26.234+0000] {logging_mixin.py:188} INFO - [2025-09-05T00:04:26.233+0000] {dagbag.py:538} INFO - Filling up the DagBag from /opt/airflow/dags/banvic_dag.py
[2025-09-05T00:04:26.712+0000] {processor.py:840} INFO - DAG(s) 'banvic_etl' retrieved from /opt/airflow/dags/banvic_dag.py
[2025-09-05T00:04:26.793+0000] {logging_mixin.py:188} INFO - [2025-09-05T00:04:26.792+0000] {dag.py:3036} INFO - Sync 1 DAGs
[2025-09-05T00:04:26.841+0000] {logging_mixin.py:188} INFO - [2025-09-05T00:04:26.841+0000] {dag.py:3823} INFO - Setting next_dagrun for banvic_etl to 2025-09-04 04:35:00+00:00, run_after=2025-09-05 04:35:00+00:00
[2025-09-05T00:04:26.887+0000] {processor.py:183} INFO - Processing /opt/airflow/dags/banvic_dag.py took 0.669 seconds
[2025-09-05T00:04:57.054+0000] {processor.py:161} INFO - Started process (PID=291) to work on /opt/airflow/dags/banvic_dag.py
[2025-09-05T00:04:57.056+0000] {processor.py:830} INFO - Processing file /opt/airflow/dags/banvic_dag.py for tasks to queue
[2025-09-05T00:04:57.058+0000] {logging_mixin.py:188} INFO - [2025-09-05T00:04:57.057+0000] {dagbag.py:538} INFO - Filling up the DagBag from /opt/airflow/dags/banvic_dag.py
[2025-09-05T00:04:57.542+0000] {processor.py:840} INFO - DAG(s) 'banvic_etl' retrieved from /opt/airflow/dags/banvic_dag.py
[2025-09-05T00:04:57.620+0000] {logging_mixin.py:188} INFO - [2025-09-05T00:04:57.620+0000] {dag.py:3036} INFO - Sync 1 DAGs
[2025-09-05T00:04:57.669+0000] {logging_mixin.py:188} INFO - [2025-09-05T00:04:57.669+0000] {dag.py:3823} INFO - Setting next_dagrun for banvic_etl to 2025-09-04 04:35:00+00:00, run_after=2025-09-05 04:35:00+00:00
[2025-09-05T00:04:57.709+0000] {processor.py:183} INFO - Processing /opt/airflow/dags/banvic_dag.py took 0.662 seconds
[2025-09-05T00:05:28.606+0000] {processor.py:161} INFO - Started process (PID=297) to work on /opt/airflow/dags/banvic_dag.py
[2025-09-05T00:05:28.607+0000] {processor.py:830} INFO - Processing file /opt/airflow/dags/banvic_dag.py for tasks to queue
[2025-09-05T00:05:28.609+0000] {logging_mixin.py:188} INFO - [2025-09-05T00:05:28.608+0000] {dagbag.py:538} INFO - Filling up the DagBag from /opt/airflow/dags/banvic_dag.py
[2025-09-05T00:05:29.148+0000] {processor.py:840} INFO - DAG(s) 'banvic_etl' retrieved from /opt/airflow/dags/banvic_dag.py
[2025-09-05T00:05:29.233+0000] {logging_mixin.py:188} INFO - [2025-09-05T00:05:29.233+0000] {dag.py:3036} INFO - Sync 1 DAGs
[2025-09-05T00:05:29.286+0000] {logging_mixin.py:188} INFO - [2025-09-05T00:05:29.286+0000] {dag.py:3823} INFO - Setting next_dagrun for banvic_etl to 2025-09-04 04:35:00+00:00, run_after=2025-09-05 04:35:00+00:00
[2025-09-05T00:05:29.332+0000] {processor.py:183} INFO - Processing /opt/airflow/dags/banvic_dag.py took 0.732 seconds
[2025-09-05T00:05:59.983+0000] {processor.py:161} INFO - Started process (PID=303) to work on /opt/airflow/dags/banvic_dag.py
[2025-09-05T00:05:59.985+0000] {processor.py:830} INFO - Processing file /opt/airflow/dags/banvic_dag.py for tasks to queue
[2025-09-05T00:05:59.986+0000] {logging_mixin.py:188} INFO - [2025-09-05T00:05:59.986+0000] {dagbag.py:538} INFO - Filling up the DagBag from /opt/airflow/dags/banvic_dag.py
[2025-09-05T00:06:00.531+0000] {processor.py:840} INFO - DAG(s) 'banvic_etl' retrieved from /opt/airflow/dags/banvic_dag.py
[2025-09-05T00:06:00.619+0000] {logging_mixin.py:188} INFO - [2025-09-05T00:06:00.619+0000] {dag.py:3036} INFO - Sync 1 DAGs
[2025-09-05T00:06:00.679+0000] {logging_mixin.py:188} INFO - [2025-09-05T00:06:00.679+0000] {dag.py:3823} INFO - Setting next_dagrun for banvic_etl to 2025-09-04 04:35:00+00:00, run_after=2025-09-05 04:35:00+00:00
[2025-09-05T00:06:00.724+0000] {processor.py:183} INFO - Processing /opt/airflow/dags/banvic_dag.py took 0.746 seconds
[2025-09-05T00:06:31.604+0000] {processor.py:161} INFO - Started process (PID=309) to work on /opt/airflow/dags/banvic_dag.py
[2025-09-05T00:06:31.606+0000] {processor.py:830} INFO - Processing file /opt/airflow/dags/banvic_dag.py for tasks to queue
[2025-09-05T00:06:31.607+0000] {logging_mixin.py:188} INFO - [2025-09-05T00:06:31.607+0000] {dagbag.py:538} INFO - Filling up the DagBag from /opt/airflow/dags/banvic_dag.py
[2025-09-05T00:06:32.230+0000] {processor.py:840} INFO - DAG(s) 'banvic_etl' retrieved from /opt/airflow/dags/banvic_dag.py
[2025-09-05T00:06:32.315+0000] {logging_mixin.py:188} INFO - [2025-09-05T00:06:32.314+0000] {dag.py:3036} INFO - Sync 1 DAGs
[2025-09-05T00:06:32.378+0000] {logging_mixin.py:188} INFO - [2025-09-05T00:06:32.378+0000] {dag.py:3823} INFO - Setting next_dagrun for banvic_etl to 2025-09-04 04:35:00+00:00, run_after=2025-09-05 04:35:00+00:00
[2025-09-05T00:06:32.431+0000] {processor.py:183} INFO - Processing /opt/airflow/dags/banvic_dag.py took 0.831 seconds
[2025-09-05T00:07:03.472+0000] {processor.py:161} INFO - Started process (PID=315) to work on /opt/airflow/dags/banvic_dag.py
[2025-09-05T00:07:03.474+0000] {processor.py:830} INFO - Processing file /opt/airflow/dags/banvic_dag.py for tasks to queue
[2025-09-05T00:07:03.475+0000] {logging_mixin.py:188} INFO - [2025-09-05T00:07:03.475+0000] {dagbag.py:538} INFO - Filling up the DagBag from /opt/airflow/dags/banvic_dag.py
[2025-09-05T00:07:04.071+0000] {processor.py:840} INFO - DAG(s) 'banvic_etl' retrieved from /opt/airflow/dags/banvic_dag.py
[2025-09-05T00:07:04.251+0000] {logging_mixin.py:188} INFO - [2025-09-05T00:07:04.250+0000] {dag.py:3036} INFO - Sync 1 DAGs
[2025-09-05T00:07:04.317+0000] {logging_mixin.py:188} INFO - [2025-09-05T00:07:04.317+0000] {dag.py:3823} INFO - Setting next_dagrun for banvic_etl to 2025-09-04 04:35:00+00:00, run_after=2025-09-05 04:35:00+00:00
[2025-09-05T00:07:04.365+0000] {processor.py:183} INFO - Processing /opt/airflow/dags/banvic_dag.py took 0.897 seconds
[2025-09-05T00:07:35.006+0000] {processor.py:161} INFO - Started process (PID=321) to work on /opt/airflow/dags/banvic_dag.py
[2025-09-05T00:07:35.008+0000] {processor.py:830} INFO - Processing file /opt/airflow/dags/banvic_dag.py for tasks to queue
[2025-09-05T00:07:35.009+0000] {logging_mixin.py:188} INFO - [2025-09-05T00:07:35.009+0000] {dagbag.py:538} INFO - Filling up the DagBag from /opt/airflow/dags/banvic_dag.py
[2025-09-05T00:07:35.497+0000] {processor.py:840} INFO - DAG(s) 'banvic_etl' retrieved from /opt/airflow/dags/banvic_dag.py
[2025-09-05T00:07:35.577+0000] {logging_mixin.py:188} INFO - [2025-09-05T00:07:35.576+0000] {dag.py:3036} INFO - Sync 1 DAGs
[2025-09-05T00:07:35.625+0000] {logging_mixin.py:188} INFO - [2025-09-05T00:07:35.624+0000] {dag.py:3823} INFO - Setting next_dagrun for banvic_etl to 2025-09-04 04:35:00+00:00, run_after=2025-09-05 04:35:00+00:00
[2025-09-05T00:07:35.663+0000] {processor.py:183} INFO - Processing /opt/airflow/dags/banvic_dag.py took 0.662 seconds
[2025-09-05T00:08:06.219+0000] {processor.py:161} INFO - Started process (PID=327) to work on /opt/airflow/dags/banvic_dag.py
[2025-09-05T00:08:06.223+0000] {processor.py:830} INFO - Processing file /opt/airflow/dags/banvic_dag.py for tasks to queue
[2025-09-05T00:08:06.225+0000] {logging_mixin.py:188} INFO - [2025-09-05T00:08:06.224+0000] {dagbag.py:538} INFO - Filling up the DagBag from /opt/airflow/dags/banvic_dag.py
[2025-09-05T00:08:06.711+0000] {processor.py:840} INFO - DAG(s) 'banvic_etl' retrieved from /opt/airflow/dags/banvic_dag.py
[2025-09-05T00:08:06.795+0000] {logging_mixin.py:188} INFO - [2025-09-05T00:08:06.794+0000] {dag.py:3036} INFO - Sync 1 DAGs
[2025-09-05T00:08:06.858+0000] {logging_mixin.py:188} INFO - [2025-09-05T00:08:06.857+0000] {dag.py:3823} INFO - Setting next_dagrun for banvic_etl to 2025-09-04 04:35:00+00:00, run_after=2025-09-05 04:35:00+00:00
[2025-09-05T00:08:06.920+0000] {processor.py:183} INFO - Processing /opt/airflow/dags/banvic_dag.py took 0.706 seconds
[2025-09-05T00:08:37.394+0000] {processor.py:161} INFO - Started process (PID=333) to work on /opt/airflow/dags/banvic_dag.py
[2025-09-05T00:08:37.396+0000] {processor.py:830} INFO - Processing file /opt/airflow/dags/banvic_dag.py for tasks to queue
[2025-09-05T00:08:37.398+0000] {logging_mixin.py:188} INFO - [2025-09-05T00:08:37.398+0000] {dagbag.py:538} INFO - Filling up the DagBag from /opt/airflow/dags/banvic_dag.py
[2025-09-05T00:08:37.896+0000] {processor.py:840} INFO - DAG(s) 'banvic_etl' retrieved from /opt/airflow/dags/banvic_dag.py
[2025-09-05T00:08:37.980+0000] {logging_mixin.py:188} INFO - [2025-09-05T00:08:37.980+0000] {dag.py:3036} INFO - Sync 1 DAGs
[2025-09-05T00:08:38.040+0000] {logging_mixin.py:188} INFO - [2025-09-05T00:08:38.039+0000] {dag.py:3823} INFO - Setting next_dagrun for banvic_etl to 2025-09-04 04:35:00+00:00, run_after=2025-09-05 04:35:00+00:00
[2025-09-05T00:08:38.091+0000] {processor.py:183} INFO - Processing /opt/airflow/dags/banvic_dag.py took 0.704 seconds
[2025-09-05T00:09:08.542+0000] {processor.py:161} INFO - Started process (PID=339) to work on /opt/airflow/dags/banvic_dag.py
[2025-09-05T00:09:08.545+0000] {processor.py:830} INFO - Processing file /opt/airflow/dags/banvic_dag.py for tasks to queue
[2025-09-05T00:09:08.548+0000] {logging_mixin.py:188} INFO - [2025-09-05T00:09:08.547+0000] {dagbag.py:538} INFO - Filling up the DagBag from /opt/airflow/dags/banvic_dag.py
[2025-09-05T00:09:09.096+0000] {processor.py:840} INFO - DAG(s) 'banvic_etl' retrieved from /opt/airflow/dags/banvic_dag.py
[2025-09-05T00:09:09.177+0000] {logging_mixin.py:188} INFO - [2025-09-05T00:09:09.176+0000] {dag.py:3036} INFO - Sync 1 DAGs
[2025-09-05T00:09:09.234+0000] {logging_mixin.py:188} INFO - [2025-09-05T00:09:09.234+0000] {dag.py:3823} INFO - Setting next_dagrun for banvic_etl to 2025-09-04 04:35:00+00:00, run_after=2025-09-05 04:35:00+00:00
[2025-09-05T00:09:09.280+0000] {processor.py:183} INFO - Processing /opt/airflow/dags/banvic_dag.py took 0.746 seconds
[2025-09-05T00:09:40.025+0000] {processor.py:161} INFO - Started process (PID=345) to work on /opt/airflow/dags/banvic_dag.py
[2025-09-05T00:09:40.028+0000] {processor.py:830} INFO - Processing file /opt/airflow/dags/banvic_dag.py for tasks to queue
[2025-09-05T00:09:40.031+0000] {logging_mixin.py:188} INFO - [2025-09-05T00:09:40.030+0000] {dagbag.py:538} INFO - Filling up the DagBag from /opt/airflow/dags/banvic_dag.py
[2025-09-05T00:09:40.529+0000] {processor.py:840} INFO - DAG(s) 'banvic_etl' retrieved from /opt/airflow/dags/banvic_dag.py
[2025-09-05T00:09:40.617+0000] {logging_mixin.py:188} INFO - [2025-09-05T00:09:40.615+0000] {dag.py:3036} INFO - Sync 1 DAGs
[2025-09-05T00:09:40.666+0000] {logging_mixin.py:188} INFO - [2025-09-05T00:09:40.666+0000] {dag.py:3823} INFO - Setting next_dagrun for banvic_etl to 2025-09-04 04:35:00+00:00, run_after=2025-09-05 04:35:00+00:00
[2025-09-05T00:09:40.716+0000] {processor.py:183} INFO - Processing /opt/airflow/dags/banvic_dag.py took 0.699 seconds
[2025-09-05T00:10:11.067+0000] {processor.py:161} INFO - Started process (PID=351) to work on /opt/airflow/dags/banvic_dag.py
[2025-09-05T00:10:11.070+0000] {processor.py:830} INFO - Processing file /opt/airflow/dags/banvic_dag.py for tasks to queue
[2025-09-05T00:10:11.072+0000] {logging_mixin.py:188} INFO - [2025-09-05T00:10:11.071+0000] {dagbag.py:538} INFO - Filling up the DagBag from /opt/airflow/dags/banvic_dag.py
[2025-09-05T00:10:11.584+0000] {processor.py:840} INFO - DAG(s) 'banvic_etl' retrieved from /opt/airflow/dags/banvic_dag.py
[2025-09-05T00:10:11.668+0000] {logging_mixin.py:188} INFO - [2025-09-05T00:10:11.667+0000] {dag.py:3036} INFO - Sync 1 DAGs
[2025-09-05T00:10:11.719+0000] {logging_mixin.py:188} INFO - [2025-09-05T00:10:11.718+0000] {dag.py:3823} INFO - Setting next_dagrun for banvic_etl to 2025-09-04 04:35:00+00:00, run_after=2025-09-05 04:35:00+00:00
[2025-09-05T00:10:11.760+0000] {processor.py:183} INFO - Processing /opt/airflow/dags/banvic_dag.py took 0.699 seconds
[2025-09-05T00:10:42.009+0000] {processor.py:161} INFO - Started process (PID=357) to work on /opt/airflow/dags/banvic_dag.py
[2025-09-05T00:10:42.011+0000] {processor.py:830} INFO - Processing file /opt/airflow/dags/banvic_dag.py for tasks to queue
[2025-09-05T00:10:42.014+0000] {logging_mixin.py:188} INFO - [2025-09-05T00:10:42.013+0000] {dagbag.py:538} INFO - Filling up the DagBag from /opt/airflow/dags/banvic_dag.py
[2025-09-05T00:10:42.534+0000] {processor.py:840} INFO - DAG(s) 'banvic_etl' retrieved from /opt/airflow/dags/banvic_dag.py
[2025-09-05T00:10:42.630+0000] {logging_mixin.py:188} INFO - [2025-09-05T00:10:42.629+0000] {dag.py:3036} INFO - Sync 1 DAGs
[2025-09-05T00:10:42.685+0000] {logging_mixin.py:188} INFO - [2025-09-05T00:10:42.684+0000] {dag.py:3823} INFO - Setting next_dagrun for banvic_etl to 2025-09-04 04:35:00+00:00, run_after=2025-09-05 04:35:00+00:00
[2025-09-05T00:10:42.730+0000] {processor.py:183} INFO - Processing /opt/airflow/dags/banvic_dag.py took 0.729 seconds
[2025-09-05T00:11:13.340+0000] {processor.py:161} INFO - Started process (PID=363) to work on /opt/airflow/dags/banvic_dag.py
[2025-09-05T00:11:13.342+0000] {processor.py:830} INFO - Processing file /opt/airflow/dags/banvic_dag.py for tasks to queue
[2025-09-05T00:11:13.344+0000] {logging_mixin.py:188} INFO - [2025-09-05T00:11:13.343+0000] {dagbag.py:538} INFO - Filling up the DagBag from /opt/airflow/dags/banvic_dag.py
[2025-09-05T00:11:13.876+0000] {processor.py:840} INFO - DAG(s) 'banvic_etl' retrieved from /opt/airflow/dags/banvic_dag.py
[2025-09-05T00:11:13.966+0000] {logging_mixin.py:188} INFO - [2025-09-05T00:11:13.965+0000] {dag.py:3036} INFO - Sync 1 DAGs
[2025-09-05T00:11:14.024+0000] {logging_mixin.py:188} INFO - [2025-09-05T00:11:14.024+0000] {dag.py:3823} INFO - Setting next_dagrun for banvic_etl to 2025-09-04 04:35:00+00:00, run_after=2025-09-05 04:35:00+00:00
[2025-09-05T00:11:14.075+0000] {processor.py:183} INFO - Processing /opt/airflow/dags/banvic_dag.py took 0.741 seconds
[2025-09-05T00:11:44.526+0000] {processor.py:161} INFO - Started process (PID=375) to work on /opt/airflow/dags/banvic_dag.py
[2025-09-05T00:11:44.528+0000] {processor.py:830} INFO - Processing file /opt/airflow/dags/banvic_dag.py for tasks to queue
[2025-09-05T00:11:44.529+0000] {logging_mixin.py:188} INFO - [2025-09-05T00:11:44.528+0000] {dagbag.py:538} INFO - Filling up the DagBag from /opt/airflow/dags/banvic_dag.py
[2025-09-05T00:11:44.932+0000] {processor.py:840} INFO - DAG(s) 'banvic_etl' retrieved from /opt/airflow/dags/banvic_dag.py
[2025-09-05T00:11:45.007+0000] {logging_mixin.py:188} INFO - [2025-09-05T00:11:45.007+0000] {dag.py:3036} INFO - Sync 1 DAGs
[2025-09-05T00:11:45.053+0000] {logging_mixin.py:188} INFO - [2025-09-05T00:11:45.052+0000] {dag.py:3823} INFO - Setting next_dagrun for banvic_etl to 2025-09-04 04:35:00+00:00, run_after=2025-09-05 04:35:00+00:00
[2025-09-05T00:11:45.093+0000] {processor.py:183} INFO - Processing /opt/airflow/dags/banvic_dag.py took 0.571 seconds
[2025-09-05T00:12:15.638+0000] {processor.py:161} INFO - Started process (PID=381) to work on /opt/airflow/dags/banvic_dag.py
[2025-09-05T00:12:15.640+0000] {processor.py:830} INFO - Processing file /opt/airflow/dags/banvic_dag.py for tasks to queue
[2025-09-05T00:12:15.641+0000] {logging_mixin.py:188} INFO - [2025-09-05T00:12:15.641+0000] {dagbag.py:538} INFO - Filling up the DagBag from /opt/airflow/dags/banvic_dag.py
[2025-09-05T00:12:13.988+0000] {processor.py:840} INFO - DAG(s) 'banvic_etl' retrieved from /opt/airflow/dags/banvic_dag.py
[2025-09-05T00:12:14.070+0000] {logging_mixin.py:188} INFO - [2025-09-05T00:12:14.069+0000] {dag.py:3036} INFO - Sync 1 DAGs
[2025-09-05T00:12:14.133+0000] {logging_mixin.py:188} INFO - [2025-09-05T00:12:14.133+0000] {dag.py:3823} INFO - Setting next_dagrun for banvic_etl to 2025-09-04 04:35:00+00:00, run_after=2025-09-05 04:35:00+00:00
[2025-09-05T00:12:14.177+0000] {processor.py:183} INFO - Processing /opt/airflow/dags/banvic_dag.py took 0.805 seconds
[2025-09-05T00:12:44.791+0000] {processor.py:161} INFO - Started process (PID=387) to work on /opt/airflow/dags/banvic_dag.py
[2025-09-05T00:12:44.793+0000] {processor.py:830} INFO - Processing file /opt/airflow/dags/banvic_dag.py for tasks to queue
[2025-09-05T00:12:44.795+0000] {logging_mixin.py:188} INFO - [2025-09-05T00:12:44.794+0000] {dagbag.py:538} INFO - Filling up the DagBag from /opt/airflow/dags/banvic_dag.py
[2025-09-05T00:12:45.294+0000] {processor.py:840} INFO - DAG(s) 'banvic_etl' retrieved from /opt/airflow/dags/banvic_dag.py
[2025-09-05T00:12:45.414+0000] {logging_mixin.py:188} INFO - [2025-09-05T00:12:45.413+0000] {dag.py:3036} INFO - Sync 1 DAGs
[2025-09-05T00:12:45.468+0000] {logging_mixin.py:188} INFO - [2025-09-05T00:12:45.468+0000] {dag.py:3823} INFO - Setting next_dagrun for banvic_etl to 2025-09-04 04:35:00+00:00, run_after=2025-09-05 04:35:00+00:00
[2025-09-05T00:12:45.520+0000] {processor.py:183} INFO - Processing /opt/airflow/dags/banvic_dag.py took 0.735 seconds
[2025-09-05T00:13:16.358+0000] {processor.py:161} INFO - Started process (PID=393) to work on /opt/airflow/dags/banvic_dag.py
[2025-09-05T00:13:16.360+0000] {processor.py:830} INFO - Processing file /opt/airflow/dags/banvic_dag.py for tasks to queue
[2025-09-05T00:13:16.362+0000] {logging_mixin.py:188} INFO - [2025-09-05T00:13:16.361+0000] {dagbag.py:538} INFO - Filling up the DagBag from /opt/airflow/dags/banvic_dag.py
[2025-09-05T00:13:16.902+0000] {processor.py:840} INFO - DAG(s) 'banvic_etl' retrieved from /opt/airflow/dags/banvic_dag.py
[2025-09-05T00:13:16.986+0000] {logging_mixin.py:188} INFO - [2025-09-05T00:13:16.985+0000] {dag.py:3036} INFO - Sync 1 DAGs
[2025-09-05T00:13:17.049+0000] {logging_mixin.py:188} INFO - [2025-09-05T00:13:17.049+0000] {dag.py:3823} INFO - Setting next_dagrun for banvic_etl to 2025-09-04 04:35:00+00:00, run_after=2025-09-05 04:35:00+00:00
[2025-09-05T00:13:17.098+0000] {processor.py:183} INFO - Processing /opt/airflow/dags/banvic_dag.py took 0.751 seconds
[2025-09-05T00:13:47.540+0000] {processor.py:161} INFO - Started process (PID=399) to work on /opt/airflow/dags/banvic_dag.py
[2025-09-05T00:13:47.542+0000] {processor.py:830} INFO - Processing file /opt/airflow/dags/banvic_dag.py for tasks to queue
[2025-09-05T00:13:47.544+0000] {logging_mixin.py:188} INFO - [2025-09-05T00:13:47.543+0000] {dagbag.py:538} INFO - Filling up the DagBag from /opt/airflow/dags/banvic_dag.py
[2025-09-05T00:13:48.066+0000] {processor.py:840} INFO - DAG(s) 'banvic_etl' retrieved from /opt/airflow/dags/banvic_dag.py
[2025-09-05T00:13:48.143+0000] {logging_mixin.py:188} INFO - [2025-09-05T00:13:48.142+0000] {dag.py:3036} INFO - Sync 1 DAGs
[2025-09-05T00:13:48.193+0000] {logging_mixin.py:188} INFO - [2025-09-05T00:13:48.193+0000] {dag.py:3823} INFO - Setting next_dagrun for banvic_etl to 2025-09-04 04:35:00+00:00, run_after=2025-09-05 04:35:00+00:00
[2025-09-05T00:13:48.236+0000] {processor.py:183} INFO - Processing /opt/airflow/dags/banvic_dag.py took 0.701 seconds
[2025-09-05T00:14:18.527+0000] {processor.py:161} INFO - Started process (PID=405) to work on /opt/airflow/dags/banvic_dag.py
[2025-09-05T00:14:18.530+0000] {processor.py:830} INFO - Processing file /opt/airflow/dags/banvic_dag.py for tasks to queue
[2025-09-05T00:14:18.532+0000] {logging_mixin.py:188} INFO - [2025-09-05T00:14:18.531+0000] {dagbag.py:538} INFO - Filling up the DagBag from /opt/airflow/dags/banvic_dag.py
[2025-09-05T00:14:19.045+0000] {processor.py:840} INFO - DAG(s) 'banvic_etl' retrieved from /opt/airflow/dags/banvic_dag.py
[2025-09-05T00:14:19.130+0000] {logging_mixin.py:188} INFO - [2025-09-05T00:14:19.129+0000] {dag.py:3036} INFO - Sync 1 DAGs
[2025-09-05T00:14:19.184+0000] {logging_mixin.py:188} INFO - [2025-09-05T00:14:19.184+0000] {dag.py:3823} INFO - Setting next_dagrun for banvic_etl to 2025-09-04 04:35:00+00:00, run_after=2025-09-05 04:35:00+00:00
[2025-09-05T00:14:19.235+0000] {processor.py:183} INFO - Processing /opt/airflow/dags/banvic_dag.py took 0.713 seconds
[2025-09-05T00:14:49.673+0000] {processor.py:161} INFO - Started process (PID=411) to work on /opt/airflow/dags/banvic_dag.py
[2025-09-05T00:14:49.676+0000] {processor.py:830} INFO - Processing file /opt/airflow/dags/banvic_dag.py for tasks to queue
[2025-09-05T00:14:49.678+0000] {logging_mixin.py:188} INFO - [2025-09-05T00:14:49.678+0000] {dagbag.py:538} INFO - Filling up the DagBag from /opt/airflow/dags/banvic_dag.py
[2025-09-05T00:14:50.211+0000] {processor.py:840} INFO - DAG(s) 'banvic_etl' retrieved from /opt/airflow/dags/banvic_dag.py
[2025-09-05T00:14:50.315+0000] {logging_mixin.py:188} INFO - [2025-09-05T00:14:50.315+0000] {dag.py:3036} INFO - Sync 1 DAGs
[2025-09-05T00:14:50.376+0000] {logging_mixin.py:188} INFO - [2025-09-05T00:14:50.376+0000] {dag.py:3823} INFO - Setting next_dagrun for banvic_etl to 2025-09-04 04:35:00+00:00, run_after=2025-09-05 04:35:00+00:00
[2025-09-05T00:14:50.420+0000] {processor.py:183} INFO - Processing /opt/airflow/dags/banvic_dag.py took 0.756 seconds
[2025-09-05T00:15:20.591+0000] {processor.py:161} INFO - Started process (PID=417) to work on /opt/airflow/dags/banvic_dag.py
[2025-09-05T00:15:20.593+0000] {processor.py:830} INFO - Processing file /opt/airflow/dags/banvic_dag.py for tasks to queue
[2025-09-05T00:15:20.596+0000] {logging_mixin.py:188} INFO - [2025-09-05T00:15:20.595+0000] {dagbag.py:538} INFO - Filling up the DagBag from /opt/airflow/dags/banvic_dag.py
[2025-09-05T00:15:21.199+0000] {processor.py:840} INFO - DAG(s) 'banvic_etl' retrieved from /opt/airflow/dags/banvic_dag.py
[2025-09-05T00:15:21.294+0000] {logging_mixin.py:188} INFO - [2025-09-05T00:15:21.292+0000] {dag.py:3036} INFO - Sync 1 DAGs
[2025-09-05T00:15:21.352+0000] {logging_mixin.py:188} INFO - [2025-09-05T00:15:21.352+0000] {dag.py:3823} INFO - Setting next_dagrun for banvic_etl to 2025-09-04 04:35:00+00:00, run_after=2025-09-05 04:35:00+00:00
[2025-09-05T00:15:21.399+0000] {processor.py:183} INFO - Processing /opt/airflow/dags/banvic_dag.py took 0.815 seconds
[2025-09-05T00:15:51.584+0000] {processor.py:161} INFO - Started process (PID=423) to work on /opt/airflow/dags/banvic_dag.py
[2025-09-05T00:15:51.586+0000] {processor.py:830} INFO - Processing file /opt/airflow/dags/banvic_dag.py for tasks to queue
[2025-09-05T00:15:51.588+0000] {logging_mixin.py:188} INFO - [2025-09-05T00:15:51.588+0000] {dagbag.py:538} INFO - Filling up the DagBag from /opt/airflow/dags/banvic_dag.py
[2025-09-05T00:15:52.117+0000] {processor.py:840} INFO - DAG(s) 'banvic_etl' retrieved from /opt/airflow/dags/banvic_dag.py
[2025-09-05T00:15:52.201+0000] {logging_mixin.py:188} INFO - [2025-09-05T00:15:52.201+0000] {dag.py:3036} INFO - Sync 1 DAGs
[2025-09-05T00:15:52.268+0000] {logging_mixin.py:188} INFO - [2025-09-05T00:15:52.268+0000] {dag.py:3823} INFO - Setting next_dagrun for banvic_etl to 2025-09-04 04:35:00+00:00, run_after=2025-09-05 04:35:00+00:00
[2025-09-05T00:15:52.316+0000] {processor.py:183} INFO - Processing /opt/airflow/dags/banvic_dag.py took 0.737 seconds
[2025-09-05T00:16:22.782+0000] {processor.py:161} INFO - Started process (PID=429) to work on /opt/airflow/dags/banvic_dag.py
[2025-09-05T00:16:22.784+0000] {processor.py:830} INFO - Processing file /opt/airflow/dags/banvic_dag.py for tasks to queue
[2025-09-05T00:16:22.786+0000] {logging_mixin.py:188} INFO - [2025-09-05T00:16:22.785+0000] {dagbag.py:538} INFO - Filling up the DagBag from /opt/airflow/dags/banvic_dag.py
[2025-09-05T00:16:23.292+0000] {processor.py:840} INFO - DAG(s) 'banvic_etl' retrieved from /opt/airflow/dags/banvic_dag.py
[2025-09-05T00:16:23.385+0000] {logging_mixin.py:188} INFO - [2025-09-05T00:16:23.384+0000] {dag.py:3036} INFO - Sync 1 DAGs
[2025-09-05T00:16:23.444+0000] {logging_mixin.py:188} INFO - [2025-09-05T00:16:23.444+0000] {dag.py:3823} INFO - Setting next_dagrun for banvic_etl to 2025-09-04 04:35:00+00:00, run_after=2025-09-05 04:35:00+00:00
[2025-09-05T00:16:23.500+0000] {processor.py:183} INFO - Processing /opt/airflow/dags/banvic_dag.py took 0.722 seconds
[2025-09-05T00:16:53.768+0000] {processor.py:161} INFO - Started process (PID=438) to work on /opt/airflow/dags/banvic_dag.py
[2025-09-05T00:16:53.771+0000] {processor.py:830} INFO - Processing file /opt/airflow/dags/banvic_dag.py for tasks to queue
[2025-09-05T00:16:53.772+0000] {logging_mixin.py:188} INFO - [2025-09-05T00:16:53.771+0000] {dagbag.py:538} INFO - Filling up the DagBag from /opt/airflow/dags/banvic_dag.py
[2025-09-05T00:16:54.306+0000] {processor.py:840} INFO - DAG(s) 'banvic_etl' retrieved from /opt/airflow/dags/banvic_dag.py
[2025-09-05T00:16:54.395+0000] {logging_mixin.py:188} INFO - [2025-09-05T00:16:54.394+0000] {dag.py:3036} INFO - Sync 1 DAGs
[2025-09-05T00:16:54.455+0000] {logging_mixin.py:188} INFO - [2025-09-05T00:16:54.454+0000] {dag.py:3823} INFO - Setting next_dagrun for banvic_etl to 2025-09-04 04:35:00+00:00, run_after=2025-09-05 04:35:00+00:00
[2025-09-05T00:16:54.508+0000] {processor.py:183} INFO - Processing /opt/airflow/dags/banvic_dag.py took 0.753 seconds
[2025-09-05T00:17:24.947+0000] {processor.py:161} INFO - Started process (PID=444) to work on /opt/airflow/dags/banvic_dag.py
[2025-09-05T00:17:24.948+0000] {processor.py:830} INFO - Processing file /opt/airflow/dags/banvic_dag.py for tasks to queue
[2025-09-05T00:17:24.950+0000] {logging_mixin.py:188} INFO - [2025-09-05T00:17:24.949+0000] {dagbag.py:538} INFO - Filling up the DagBag from /opt/airflow/dags/banvic_dag.py
[2025-09-05T00:17:25.546+0000] {processor.py:840} INFO - DAG(s) 'banvic_etl' retrieved from /opt/airflow/dags/banvic_dag.py
[2025-09-05T00:17:25.628+0000] {logging_mixin.py:188} INFO - [2025-09-05T00:17:25.627+0000] {dag.py:3036} INFO - Sync 1 DAGs
[2025-09-05T00:17:25.693+0000] {logging_mixin.py:188} INFO - [2025-09-05T00:17:25.693+0000] {dag.py:3823} INFO - Setting next_dagrun for banvic_etl to 2025-09-04 04:35:00+00:00, run_after=2025-09-05 04:35:00+00:00
[2025-09-05T00:17:25.736+0000] {processor.py:183} INFO - Processing /opt/airflow/dags/banvic_dag.py took 0.794 seconds
[2025-09-05T00:17:56.080+0000] {processor.py:161} INFO - Started process (PID=450) to work on /opt/airflow/dags/banvic_dag.py
[2025-09-05T00:17:56.082+0000] {processor.py:830} INFO - Processing file /opt/airflow/dags/banvic_dag.py for tasks to queue
[2025-09-05T00:17:56.084+0000] {logging_mixin.py:188} INFO - [2025-09-05T00:17:56.083+0000] {dagbag.py:538} INFO - Filling up the DagBag from /opt/airflow/dags/banvic_dag.py
[2025-09-05T00:17:56.618+0000] {processor.py:840} INFO - DAG(s) 'banvic_etl' retrieved from /opt/airflow/dags/banvic_dag.py
[2025-09-05T00:17:56.700+0000] {logging_mixin.py:188} INFO - [2025-09-05T00:17:56.700+0000] {dag.py:3036} INFO - Sync 1 DAGs
[2025-09-05T00:17:56.753+0000] {logging_mixin.py:188} INFO - [2025-09-05T00:17:56.752+0000] {dag.py:3823} INFO - Setting next_dagrun for banvic_etl to 2025-09-04 04:35:00+00:00, run_after=2025-09-05 04:35:00+00:00
[2025-09-05T00:17:56.802+0000] {processor.py:183} INFO - Processing /opt/airflow/dags/banvic_dag.py took 0.727 seconds
[2025-09-05T00:18:27.269+0000] {processor.py:161} INFO - Started process (PID=456) to work on /opt/airflow/dags/banvic_dag.py
[2025-09-05T00:18:27.271+0000] {processor.py:830} INFO - Processing file /opt/airflow/dags/banvic_dag.py for tasks to queue
[2025-09-05T00:18:27.273+0000] {logging_mixin.py:188} INFO - [2025-09-05T00:18:27.273+0000] {dagbag.py:538} INFO - Filling up the DagBag from /opt/airflow/dags/banvic_dag.py
[2025-09-05T00:18:27.790+0000] {processor.py:840} INFO - DAG(s) 'banvic_etl' retrieved from /opt/airflow/dags/banvic_dag.py
[2025-09-05T00:18:27.882+0000] {logging_mixin.py:188} INFO - [2025-09-05T00:18:27.882+0000] {dag.py:3036} INFO - Sync 1 DAGs
[2025-09-05T00:18:27.937+0000] {logging_mixin.py:188} INFO - [2025-09-05T00:18:27.936+0000] {dag.py:3823} INFO - Setting next_dagrun for banvic_etl to 2025-09-04 04:35:00+00:00, run_after=2025-09-05 04:35:00+00:00
[2025-09-05T00:18:27.982+0000] {processor.py:183} INFO - Processing /opt/airflow/dags/banvic_dag.py took 0.718 seconds
[2025-09-05T00:18:58.340+0000] {processor.py:161} INFO - Started process (PID=462) to work on /opt/airflow/dags/banvic_dag.py
[2025-09-05T00:18:58.341+0000] {processor.py:830} INFO - Processing file /opt/airflow/dags/banvic_dag.py for tasks to queue
[2025-09-05T00:18:58.343+0000] {logging_mixin.py:188} INFO - [2025-09-05T00:18:58.343+0000] {dagbag.py:538} INFO - Filling up the DagBag from /opt/airflow/dags/banvic_dag.py
[2025-09-05T00:18:58.803+0000] {processor.py:840} INFO - DAG(s) 'banvic_etl' retrieved from /opt/airflow/dags/banvic_dag.py
[2025-09-05T00:18:58.882+0000] {logging_mixin.py:188} INFO - [2025-09-05T00:18:58.881+0000] {dag.py:3036} INFO - Sync 1 DAGs
[2025-09-05T00:18:58.933+0000] {logging_mixin.py:188} INFO - [2025-09-05T00:18:58.933+0000] {dag.py:3823} INFO - Setting next_dagrun for banvic_etl to 2025-09-04 04:35:00+00:00, run_after=2025-09-05 04:35:00+00:00
[2025-09-05T00:18:58.989+0000] {processor.py:183} INFO - Processing /opt/airflow/dags/banvic_dag.py took 0.654 seconds
[2025-09-05T00:19:29.209+0000] {processor.py:161} INFO - Started process (PID=468) to work on /opt/airflow/dags/banvic_dag.py
[2025-09-05T00:19:29.211+0000] {processor.py:830} INFO - Processing file /opt/airflow/dags/banvic_dag.py for tasks to queue
[2025-09-05T00:19:29.213+0000] {logging_mixin.py:188} INFO - [2025-09-05T00:19:29.212+0000] {dagbag.py:538} INFO - Filling up the DagBag from /opt/airflow/dags/banvic_dag.py
[2025-09-05T00:19:29.726+0000] {processor.py:840} INFO - DAG(s) 'banvic_etl' retrieved from /opt/airflow/dags/banvic_dag.py
[2025-09-05T00:19:29.801+0000] {logging_mixin.py:188} INFO - [2025-09-05T00:19:29.801+0000] {dag.py:3036} INFO - Sync 1 DAGs
[2025-09-05T00:19:29.856+0000] {logging_mixin.py:188} INFO - [2025-09-05T00:19:29.856+0000] {dag.py:3823} INFO - Setting next_dagrun for banvic_etl to 2025-09-04 04:35:00+00:00, run_after=2025-09-05 04:35:00+00:00
[2025-09-05T00:19:29.895+0000] {processor.py:183} INFO - Processing /opt/airflow/dags/banvic_dag.py took 0.693 seconds
[2025-09-05T00:20:00.073+0000] {processor.py:161} INFO - Started process (PID=474) to work on /opt/airflow/dags/banvic_dag.py
[2025-09-05T00:20:00.076+0000] {processor.py:830} INFO - Processing file /opt/airflow/dags/banvic_dag.py for tasks to queue
[2025-09-05T00:20:00.078+0000] {logging_mixin.py:188} INFO - [2025-09-05T00:20:00.077+0000] {dagbag.py:538} INFO - Filling up the DagBag from /opt/airflow/dags/banvic_dag.py
[2025-09-05T00:20:00.626+0000] {processor.py:840} INFO - DAG(s) 'banvic_etl' retrieved from /opt/airflow/dags/banvic_dag.py
[2025-09-05T00:20:00.720+0000] {logging_mixin.py:188} INFO - [2025-09-05T00:20:00.719+0000] {dag.py:3036} INFO - Sync 1 DAGs
[2025-09-05T00:20:00.784+0000] {logging_mixin.py:188} INFO - [2025-09-05T00:20:00.783+0000] {dag.py:3823} INFO - Setting next_dagrun for banvic_etl to 2025-09-04 04:35:00+00:00, run_after=2025-09-05 04:35:00+00:00
[2025-09-05T00:20:00.837+0000] {processor.py:183} INFO - Processing /opt/airflow/dags/banvic_dag.py took 0.771 seconds
[2025-09-05T00:20:31.252+0000] {processor.py:161} INFO - Started process (PID=480) to work on /opt/airflow/dags/banvic_dag.py
[2025-09-05T00:20:31.254+0000] {processor.py:830} INFO - Processing file /opt/airflow/dags/banvic_dag.py for tasks to queue
[2025-09-05T00:20:31.256+0000] {logging_mixin.py:188} INFO - [2025-09-05T00:20:31.255+0000] {dagbag.py:538} INFO - Filling up the DagBag from /opt/airflow/dags/banvic_dag.py
[2025-09-05T00:20:31.813+0000] {processor.py:840} INFO - DAG(s) 'banvic_etl' retrieved from /opt/airflow/dags/banvic_dag.py
[2025-09-05T00:20:31.896+0000] {logging_mixin.py:188} INFO - [2025-09-05T00:20:31.895+0000] {dag.py:3036} INFO - Sync 1 DAGs
[2025-09-05T00:20:31.947+0000] {logging_mixin.py:188} INFO - [2025-09-05T00:20:31.946+0000] {dag.py:3823} INFO - Setting next_dagrun for banvic_etl to 2025-09-04 04:35:00+00:00, run_after=2025-09-05 04:35:00+00:00
[2025-09-05T00:20:31.989+0000] {processor.py:183} INFO - Processing /opt/airflow/dags/banvic_dag.py took 0.742 seconds
[2025-09-05T00:21:02.492+0000] {processor.py:161} INFO - Started process (PID=486) to work on /opt/airflow/dags/banvic_dag.py
[2025-09-05T00:21:02.495+0000] {processor.py:830} INFO - Processing file /opt/airflow/dags/banvic_dag.py for tasks to queue
[2025-09-05T00:21:02.497+0000] {logging_mixin.py:188} INFO - [2025-09-05T00:21:02.496+0000] {dagbag.py:538} INFO - Filling up the DagBag from /opt/airflow/dags/banvic_dag.py
[2025-09-05T00:21:00.779+0000] {processor.py:840} INFO - DAG(s) 'banvic_etl' retrieved from /opt/airflow/dags/banvic_dag.py
[2025-09-05T00:21:00.857+0000] {logging_mixin.py:188} INFO - [2025-09-05T00:21:00.855+0000] {dag.py:3036} INFO - Sync 1 DAGs
[2025-09-05T00:21:00.907+0000] {logging_mixin.py:188} INFO - [2025-09-05T00:21:00.907+0000] {dag.py:3823} INFO - Setting next_dagrun for banvic_etl to 2025-09-04 04:35:00+00:00, run_after=2025-09-05 04:35:00+00:00
[2025-09-05T00:21:00.948+0000] {processor.py:183} INFO - Processing /opt/airflow/dags/banvic_dag.py took 0.739 seconds
[2025-09-05T00:21:31.352+0000] {processor.py:161} INFO - Started process (PID=492) to work on /opt/airflow/dags/banvic_dag.py
[2025-09-05T00:21:31.354+0000] {processor.py:830} INFO - Processing file /opt/airflow/dags/banvic_dag.py for tasks to queue
[2025-09-05T00:21:31.356+0000] {logging_mixin.py:188} INFO - [2025-09-05T00:21:31.355+0000] {dagbag.py:538} INFO - Filling up the DagBag from /opt/airflow/dags/banvic_dag.py
[2025-09-05T00:21:31.828+0000] {processor.py:840} INFO - DAG(s) 'banvic_etl' retrieved from /opt/airflow/dags/banvic_dag.py
[2025-09-05T00:21:31.912+0000] {logging_mixin.py:188} INFO - [2025-09-05T00:21:31.912+0000] {dag.py:3036} INFO - Sync 1 DAGs
[2025-09-05T00:21:31.966+0000] {logging_mixin.py:188} INFO - [2025-09-05T00:21:31.966+0000] {dag.py:3823} INFO - Setting next_dagrun for banvic_etl to 2025-09-04 04:35:00+00:00, run_after=2025-09-05 04:35:00+00:00
[2025-09-05T00:21:32.018+0000] {processor.py:183} INFO - Processing /opt/airflow/dags/banvic_dag.py took 0.673 seconds
[2025-09-05T00:22:02.470+0000] {processor.py:161} INFO - Started process (PID=498) to work on /opt/airflow/dags/banvic_dag.py
[2025-09-05T00:22:02.473+0000] {processor.py:830} INFO - Processing file /opt/airflow/dags/banvic_dag.py for tasks to queue
[2025-09-05T00:22:02.474+0000] {logging_mixin.py:188} INFO - [2025-09-05T00:22:02.474+0000] {dagbag.py:538} INFO - Filling up the DagBag from /opt/airflow/dags/banvic_dag.py
[2025-09-05T00:22:02.962+0000] {processor.py:840} INFO - DAG(s) 'banvic_etl' retrieved from /opt/airflow/dags/banvic_dag.py
[2025-09-05T00:22:03.051+0000] {logging_mixin.py:188} INFO - [2025-09-05T00:22:03.050+0000] {dag.py:3036} INFO - Sync 1 DAGs
[2025-09-05T00:22:03.105+0000] {logging_mixin.py:188} INFO - [2025-09-05T00:22:03.104+0000] {dag.py:3823} INFO - Setting next_dagrun for banvic_etl to 2025-09-04 04:35:00+00:00, run_after=2025-09-05 04:35:00+00:00
[2025-09-05T00:22:03.157+0000] {processor.py:183} INFO - Processing /opt/airflow/dags/banvic_dag.py took 0.693 seconds
[2025-09-05T00:22:33.572+0000] {processor.py:161} INFO - Started process (PID=504) to work on /opt/airflow/dags/banvic_dag.py
[2025-09-05T00:22:33.575+0000] {processor.py:830} INFO - Processing file /opt/airflow/dags/banvic_dag.py for tasks to queue
[2025-09-05T00:22:33.577+0000] {logging_mixin.py:188} INFO - [2025-09-05T00:22:33.576+0000] {dagbag.py:538} INFO - Filling up the DagBag from /opt/airflow/dags/banvic_dag.py
[2025-09-05T00:22:34.007+0000] {processor.py:840} INFO - DAG(s) 'banvic_etl' retrieved from /opt/airflow/dags/banvic_dag.py
[2025-09-05T00:22:34.086+0000] {logging_mixin.py:188} INFO - [2025-09-05T00:22:34.085+0000] {dag.py:3036} INFO - Sync 1 DAGs
[2025-09-05T00:22:34.134+0000] {logging_mixin.py:188} INFO - [2025-09-05T00:22:34.134+0000] {dag.py:3823} INFO - Setting next_dagrun for banvic_etl to 2025-09-04 04:35:00+00:00, run_after=2025-09-05 04:35:00+00:00
[2025-09-05T00:22:34.177+0000] {processor.py:183} INFO - Processing /opt/airflow/dags/banvic_dag.py took 0.612 seconds
[2025-09-05T00:23:04.614+0000] {processor.py:161} INFO - Started process (PID=510) to work on /opt/airflow/dags/banvic_dag.py
[2025-09-05T00:23:04.617+0000] {processor.py:830} INFO - Processing file /opt/airflow/dags/banvic_dag.py for tasks to queue
[2025-09-05T00:23:04.618+0000] {logging_mixin.py:188} INFO - [2025-09-05T00:23:04.618+0000] {dagbag.py:538} INFO - Filling up the DagBag from /opt/airflow/dags/banvic_dag.py
[2025-09-05T00:23:05.175+0000] {processor.py:840} INFO - DAG(s) 'banvic_etl' retrieved from /opt/airflow/dags/banvic_dag.py
[2025-09-05T00:23:05.258+0000] {logging_mixin.py:188} INFO - [2025-09-05T00:23:05.258+0000] {dag.py:3036} INFO - Sync 1 DAGs
[2025-09-05T00:23:05.313+0000] {logging_mixin.py:188} INFO - [2025-09-05T00:23:05.313+0000] {dag.py:3823} INFO - Setting next_dagrun for banvic_etl to 2025-09-04 04:35:00+00:00, run_after=2025-09-05 04:35:00+00:00
[2025-09-05T00:23:05.360+0000] {processor.py:183} INFO - Processing /opt/airflow/dags/banvic_dag.py took 0.752 seconds
[2025-09-05T00:23:35.548+0000] {processor.py:161} INFO - Started process (PID=516) to work on /opt/airflow/dags/banvic_dag.py
[2025-09-05T00:23:35.550+0000] {processor.py:830} INFO - Processing file /opt/airflow/dags/banvic_dag.py for tasks to queue
[2025-09-05T00:23:35.552+0000] {logging_mixin.py:188} INFO - [2025-09-05T00:23:35.551+0000] {dagbag.py:538} INFO - Filling up the DagBag from /opt/airflow/dags/banvic_dag.py
[2025-09-05T00:23:36.016+0000] {processor.py:840} INFO - DAG(s) 'banvic_etl' retrieved from /opt/airflow/dags/banvic_dag.py
[2025-09-05T00:23:36.101+0000] {logging_mixin.py:188} INFO - [2025-09-05T00:23:36.101+0000] {dag.py:3036} INFO - Sync 1 DAGs
[2025-09-05T00:23:36.150+0000] {logging_mixin.py:188} INFO - [2025-09-05T00:23:36.150+0000] {dag.py:3823} INFO - Setting next_dagrun for banvic_etl to 2025-09-04 04:35:00+00:00, run_after=2025-09-05 04:35:00+00:00
[2025-09-05T00:23:36.192+0000] {processor.py:183} INFO - Processing /opt/airflow/dags/banvic_dag.py took 0.652 seconds
[2025-09-05T00:24:06.884+0000] {processor.py:161} INFO - Started process (PID=522) to work on /opt/airflow/dags/banvic_dag.py
[2025-09-05T00:24:06.886+0000] {processor.py:830} INFO - Processing file /opt/airflow/dags/banvic_dag.py for tasks to queue
[2025-09-05T00:24:06.888+0000] {logging_mixin.py:188} INFO - [2025-09-05T00:24:06.887+0000] {dagbag.py:538} INFO - Filling up the DagBag from /opt/airflow/dags/banvic_dag.py
[2025-09-05T00:24:07.410+0000] {processor.py:840} INFO - DAG(s) 'banvic_etl' retrieved from /opt/airflow/dags/banvic_dag.py
[2025-09-05T00:24:07.503+0000] {logging_mixin.py:188} INFO - [2025-09-05T00:24:07.502+0000] {dag.py:3036} INFO - Sync 1 DAGs
[2025-09-05T00:24:07.565+0000] {logging_mixin.py:188} INFO - [2025-09-05T00:24:07.565+0000] {dag.py:3823} INFO - Setting next_dagrun for banvic_etl to 2025-09-04 04:35:00+00:00, run_after=2025-09-05 04:35:00+00:00
[2025-09-05T00:24:07.611+0000] {processor.py:183} INFO - Processing /opt/airflow/dags/banvic_dag.py took 0.733 seconds
