[2025-09-04T20:26:41.231+0000] {taskinstance.py:1956} INFO - Dependencies all met for dep_context=non-requeueable deps ti=<TaskInstance: banvic_etl.extract_csv manual__2025-09-04T16:49:13.653051+00:00 [queued]>
[2025-09-04T20:26:41.246+0000] {taskinstance.py:1956} INFO - Dependencies all met for dep_context=requeueable deps ti=<TaskInstance: banvic_etl.extract_csv manual__2025-09-04T16:49:13.653051+00:00 [queued]>
[2025-09-04T20:26:41.246+0000] {taskinstance.py:2170} INFO - Starting attempt 4 of 4
[2025-09-04T20:26:41.276+0000] {taskinstance.py:2191} INFO - Executing <Task(PythonOperator): extract_csv> on 2025-09-04 16:49:13.653051+00:00
[2025-09-04T20:26:41.292+0000] {standard_task_runner.py:60} INFO - Started process 283 to run task
[2025-09-04T20:26:41.301+0000] {standard_task_runner.py:87} INFO - Running: ['airflow', 'tasks', 'run', 'banvic_etl', 'extract_csv', 'manual__2025-09-04T16:49:13.653051+00:00', '--job-id', '31', '--raw', '--subdir', 'DAGS_FOLDER/banvic_dag.py', '--cfg-path', '/tmp/tmpaft2uxvx']
[2025-09-04T20:26:41.307+0000] {standard_task_runner.py:88} INFO - Job 31: Subtask extract_csv
[2025-09-04T20:26:41.588+0000] {task_command.py:423} INFO - Running <TaskInstance: banvic_etl.extract_csv manual__2025-09-04T16:49:13.653051+00:00 [running]> on host c181d38c454f
[2025-09-04T20:26:41.958+0000] {taskinstance.py:2480} INFO - Exporting env vars: AIRFLOW_CTX_DAG_OWNER='you' AIRFLOW_CTX_DAG_ID='banvic_etl' AIRFLOW_CTX_TASK_ID='extract_csv' AIRFLOW_CTX_EXECUTION_DATE='2025-09-04T16:49:13.653051+00:00' AIRFLOW_CTX_TRY_NUMBER='4' AIRFLOW_CTX_DAG_RUN_ID='manual__2025-09-04T16:49:13.653051+00:00'
[2025-09-04T20:26:42.143+0000] {taskinstance.py:2698} ERROR - Task failed with exception
Traceback (most recent call last):
  File "/home/airflow/.local/lib/python3.11/site-packages/airflow/models/taskinstance.py", line 433, in _execute_task
    result = execute_callable(context=context, **execute_callable_kwargs)
             ^^^^^^^^^^^^^^^^^^^^^^^^^^^^^^^^^^^^^^^^^^^^^^^^^^^^^^^^^^^^
  File "/home/airflow/.local/lib/python3.11/site-packages/airflow/operators/python.py", line 199, in execute
    return_value = self.execute_callable()
                   ^^^^^^^^^^^^^^^^^^^^^^^
  File "/home/airflow/.local/lib/python3.11/site-packages/airflow/operators/python.py", line 216, in execute_callable
    return self.python_callable(*self.op_args, **self.op_kwargs)
           ^^^^^^^^^^^^^^^^^^^^^^^^^^^^^^^^^^^^^^^^^^^^^^^^^^^^^
  File "/opt/airflow/scripts/extract_helpers.py", line 12, in extract_csv
    os.replace(tmp, os.path.join(dest_dir, 'transacoes.csv'))  # atomic
    ^^^^^^^^^^^^^^^^^^^^^^^^^^^^^^^^^^^^^^^^^^^^^^^^^^^^^^^^^
FileNotFoundError: [Errno 2] No such file or directory: '/opt/airflow/outputs/2025-09-04/csv/transacoes.tmp' -> '/opt/airflow/outputs/2025-09-04/csv/transacoes.csv'
[2025-09-04T20:26:42.203+0000] {taskinstance.py:1138} INFO - Marking task as FAILED. dag_id=banvic_etl, task_id=extract_csv, execution_date=20250904T164913, start_date=20250904T202641, end_date=20250904T202642
[2025-09-04T20:26:42.254+0000] {standard_task_runner.py:107} ERROR - Failed to execute job 31 for task extract_csv ([Errno 2] No such file or directory: '/opt/airflow/outputs/2025-09-04/csv/transacoes.tmp' -> '/opt/airflow/outputs/2025-09-04/csv/transacoes.csv'; 283)
[2025-09-04T20:26:42.321+0000] {local_task_job_runner.py:234} INFO - Task exited with return code 1
[2025-09-04T20:26:42.416+0000] {taskinstance.py:3280} INFO - 0 downstream tasks scheduled from follow-on schedule check
