[2025-09-08T19:31:34.419+0000] {processor.py:161} INFO - Started process (PID=167) to work on /opt/airflow/dags/banvic_dag.py
[2025-09-08T19:31:34.421+0000] {processor.py:830} INFO - Processing file /opt/airflow/dags/banvic_dag.py for tasks to queue
[2025-09-08T19:31:34.422+0000] {logging_mixin.py:188} INFO - [2025-09-08T19:31:34.421+0000] {dagbag.py:538} INFO - Filling up the DagBag from /opt/airflow/dags/banvic_dag.py
[2025-09-08T19:31:36.214+0000] {processor.py:840} INFO - DAG(s) 'banvic_etl' retrieved from /opt/airflow/dags/banvic_dag.py
[2025-09-08T19:31:36.302+0000] {logging_mixin.py:188} INFO - [2025-09-08T19:31:36.302+0000] {dag.py:3036} INFO - Sync 1 DAGs
[2025-09-08T19:31:36.366+0000] {logging_mixin.py:188} INFO - [2025-09-08T19:31:36.365+0000] {dag.py:3823} INFO - Setting next_dagrun for banvic_etl to 2025-09-08 04:35:00+00:00, run_after=2025-09-09 04:35:00+00:00
[2025-09-08T19:31:36.424+0000] {processor.py:183} INFO - Processing /opt/airflow/dags/banvic_dag.py took 2.009 seconds
[2025-09-08T19:32:06.780+0000] {processor.py:161} INFO - Started process (PID=192) to work on /opt/airflow/dags/banvic_dag.py
[2025-09-08T19:32:06.782+0000] {processor.py:830} INFO - Processing file /opt/airflow/dags/banvic_dag.py for tasks to queue
[2025-09-08T19:32:06.784+0000] {logging_mixin.py:188} INFO - [2025-09-08T19:32:06.784+0000] {dagbag.py:538} INFO - Filling up the DagBag from /opt/airflow/dags/banvic_dag.py
[2025-09-08T19:32:07.358+0000] {processor.py:840} INFO - DAG(s) 'banvic_etl' retrieved from /opt/airflow/dags/banvic_dag.py
[2025-09-08T19:32:07.745+0000] {logging_mixin.py:188} INFO - [2025-09-08T19:32:07.745+0000] {dag.py:3036} INFO - Sync 1 DAGs
[2025-09-08T19:32:07.796+0000] {logging_mixin.py:188} INFO - [2025-09-08T19:32:07.796+0000] {dag.py:3823} INFO - Setting next_dagrun for banvic_etl to 2025-09-08 04:35:00+00:00, run_after=2025-09-09 04:35:00+00:00
[2025-09-08T19:32:07.840+0000] {processor.py:183} INFO - Processing /opt/airflow/dags/banvic_dag.py took 1.067 seconds
[2025-09-08T19:32:38.142+0000] {processor.py:161} INFO - Started process (PID=198) to work on /opt/airflow/dags/banvic_dag.py
[2025-09-08T19:32:38.145+0000] {processor.py:830} INFO - Processing file /opt/airflow/dags/banvic_dag.py for tasks to queue
[2025-09-08T19:32:38.147+0000] {logging_mixin.py:188} INFO - [2025-09-08T19:32:38.146+0000] {dagbag.py:538} INFO - Filling up the DagBag from /opt/airflow/dags/banvic_dag.py
[2025-09-08T19:32:38.610+0000] {processor.py:840} INFO - DAG(s) 'banvic_etl' retrieved from /opt/airflow/dags/banvic_dag.py
[2025-09-08T19:32:38.687+0000] {logging_mixin.py:188} INFO - [2025-09-08T19:32:38.686+0000] {dag.py:3036} INFO - Sync 1 DAGs
[2025-09-08T19:32:38.732+0000] {logging_mixin.py:188} INFO - [2025-09-08T19:32:38.731+0000] {dag.py:3823} INFO - Setting next_dagrun for banvic_etl to 2025-09-08 04:35:00+00:00, run_after=2025-09-09 04:35:00+00:00
[2025-09-08T19:32:38.779+0000] {processor.py:183} INFO - Processing /opt/airflow/dags/banvic_dag.py took 0.644 seconds
[2025-09-08T19:33:09.389+0000] {processor.py:161} INFO - Started process (PID=204) to work on /opt/airflow/dags/banvic_dag.py
[2025-09-08T19:33:09.392+0000] {processor.py:830} INFO - Processing file /opt/airflow/dags/banvic_dag.py for tasks to queue
[2025-09-08T19:33:09.394+0000] {logging_mixin.py:188} INFO - [2025-09-08T19:33:09.393+0000] {dagbag.py:538} INFO - Filling up the DagBag from /opt/airflow/dags/banvic_dag.py
[2025-09-08T19:33:09.897+0000] {processor.py:840} INFO - DAG(s) 'banvic_etl' retrieved from /opt/airflow/dags/banvic_dag.py
[2025-09-08T19:33:09.973+0000] {logging_mixin.py:188} INFO - [2025-09-08T19:33:09.972+0000] {dag.py:3036} INFO - Sync 1 DAGs
[2025-09-08T19:33:10.017+0000] {logging_mixin.py:188} INFO - [2025-09-08T19:33:10.016+0000] {dag.py:3823} INFO - Setting next_dagrun for banvic_etl to 2025-09-08 04:35:00+00:00, run_after=2025-09-09 04:35:00+00:00
[2025-09-08T19:33:10.060+0000] {processor.py:183} INFO - Processing /opt/airflow/dags/banvic_dag.py took 0.681 seconds
[2025-09-08T19:33:40.570+0000] {processor.py:161} INFO - Started process (PID=210) to work on /opt/airflow/dags/banvic_dag.py
[2025-09-08T19:33:40.573+0000] {processor.py:830} INFO - Processing file /opt/airflow/dags/banvic_dag.py for tasks to queue
[2025-09-08T19:33:40.574+0000] {logging_mixin.py:188} INFO - [2025-09-08T19:33:40.574+0000] {dagbag.py:538} INFO - Filling up the DagBag from /opt/airflow/dags/banvic_dag.py
[2025-09-08T19:33:41.047+0000] {processor.py:840} INFO - DAG(s) 'banvic_etl' retrieved from /opt/airflow/dags/banvic_dag.py
[2025-09-08T19:33:41.127+0000] {logging_mixin.py:188} INFO - [2025-09-08T19:33:41.127+0000] {dag.py:3036} INFO - Sync 1 DAGs
[2025-09-08T19:33:41.181+0000] {logging_mixin.py:188} INFO - [2025-09-08T19:33:41.181+0000] {dag.py:3823} INFO - Setting next_dagrun for banvic_etl to 2025-09-08 04:35:00+00:00, run_after=2025-09-09 04:35:00+00:00
[2025-09-08T19:33:41.227+0000] {processor.py:183} INFO - Processing /opt/airflow/dags/banvic_dag.py took 0.663 seconds
[2025-09-08T19:34:11.417+0000] {processor.py:161} INFO - Started process (PID=216) to work on /opt/airflow/dags/banvic_dag.py
[2025-09-08T19:34:11.419+0000] {processor.py:830} INFO - Processing file /opt/airflow/dags/banvic_dag.py for tasks to queue
[2025-09-08T19:34:11.421+0000] {logging_mixin.py:188} INFO - [2025-09-08T19:34:11.420+0000] {dagbag.py:538} INFO - Filling up the DagBag from /opt/airflow/dags/banvic_dag.py
[2025-09-08T19:34:10.973+0000] {processor.py:840} INFO - DAG(s) 'banvic_etl' retrieved from /opt/airflow/dags/banvic_dag.py
[2025-09-08T19:34:11.064+0000] {logging_mixin.py:188} INFO - [2025-09-08T19:34:11.063+0000] {dag.py:3036} INFO - Sync 1 DAGs
[2025-09-08T19:34:11.136+0000] {logging_mixin.py:188} INFO - [2025-09-08T19:34:11.135+0000] {dag.py:3823} INFO - Setting next_dagrun for banvic_etl to 2025-09-08 04:35:00+00:00, run_after=2025-09-09 04:35:00+00:00
[2025-09-08T19:34:11.185+0000] {processor.py:183} INFO - Processing /opt/airflow/dags/banvic_dag.py took 0.659 seconds
[2025-09-08T19:34:41.455+0000] {processor.py:161} INFO - Started process (PID=222) to work on /opt/airflow/dags/banvic_dag.py
[2025-09-08T19:34:41.457+0000] {processor.py:830} INFO - Processing file /opt/airflow/dags/banvic_dag.py for tasks to queue
[2025-09-08T19:34:41.459+0000] {logging_mixin.py:188} INFO - [2025-09-08T19:34:41.458+0000] {dagbag.py:538} INFO - Filling up the DagBag from /opt/airflow/dags/banvic_dag.py
[2025-09-08T19:34:41.915+0000] {processor.py:840} INFO - DAG(s) 'banvic_etl' retrieved from /opt/airflow/dags/banvic_dag.py
[2025-09-08T19:34:41.986+0000] {logging_mixin.py:188} INFO - [2025-09-08T19:34:41.986+0000] {dag.py:3036} INFO - Sync 1 DAGs
[2025-09-08T19:34:42.032+0000] {logging_mixin.py:188} INFO - [2025-09-08T19:34:42.032+0000] {dag.py:3823} INFO - Setting next_dagrun for banvic_etl to 2025-09-08 04:35:00+00:00, run_after=2025-09-09 04:35:00+00:00
[2025-09-08T19:34:42.068+0000] {processor.py:183} INFO - Processing /opt/airflow/dags/banvic_dag.py took 0.617 seconds
[2025-09-08T19:35:12.391+0000] {processor.py:161} INFO - Started process (PID=228) to work on /opt/airflow/dags/banvic_dag.py
[2025-09-08T19:35:12.392+0000] {processor.py:830} INFO - Processing file /opt/airflow/dags/banvic_dag.py for tasks to queue
[2025-09-08T19:35:12.394+0000] {logging_mixin.py:188} INFO - [2025-09-08T19:35:12.393+0000] {dagbag.py:538} INFO - Filling up the DagBag from /opt/airflow/dags/banvic_dag.py
[2025-09-08T19:35:12.954+0000] {processor.py:840} INFO - DAG(s) 'banvic_etl' retrieved from /opt/airflow/dags/banvic_dag.py
[2025-09-08T19:35:13.027+0000] {logging_mixin.py:188} INFO - [2025-09-08T19:35:13.027+0000] {dag.py:3036} INFO - Sync 1 DAGs
[2025-09-08T19:35:13.076+0000] {logging_mixin.py:188} INFO - [2025-09-08T19:35:13.076+0000] {dag.py:3823} INFO - Setting next_dagrun for banvic_etl to 2025-09-08 04:35:00+00:00, run_after=2025-09-09 04:35:00+00:00
[2025-09-08T19:35:13.121+0000] {processor.py:183} INFO - Processing /opt/airflow/dags/banvic_dag.py took 0.733 seconds
[2025-09-08T19:35:43.541+0000] {processor.py:161} INFO - Started process (PID=234) to work on /opt/airflow/dags/banvic_dag.py
[2025-09-08T19:35:43.543+0000] {processor.py:830} INFO - Processing file /opt/airflow/dags/banvic_dag.py for tasks to queue
[2025-09-08T19:35:43.545+0000] {logging_mixin.py:188} INFO - [2025-09-08T19:35:43.544+0000] {dagbag.py:538} INFO - Filling up the DagBag from /opt/airflow/dags/banvic_dag.py
[2025-09-08T19:35:44.016+0000] {processor.py:840} INFO - DAG(s) 'banvic_etl' retrieved from /opt/airflow/dags/banvic_dag.py
[2025-09-08T19:35:44.114+0000] {logging_mixin.py:188} INFO - [2025-09-08T19:35:44.113+0000] {dag.py:3036} INFO - Sync 1 DAGs
[2025-09-08T19:35:44.184+0000] {logging_mixin.py:188} INFO - [2025-09-08T19:35:44.184+0000] {dag.py:3823} INFO - Setting next_dagrun for banvic_etl to 2025-09-08 04:35:00+00:00, run_after=2025-09-09 04:35:00+00:00
[2025-09-08T19:35:44.266+0000] {processor.py:183} INFO - Processing /opt/airflow/dags/banvic_dag.py took 0.731 seconds
[2025-09-08T19:36:14.640+0000] {processor.py:161} INFO - Started process (PID=240) to work on /opt/airflow/dags/banvic_dag.py
[2025-09-08T19:36:14.642+0000] {processor.py:830} INFO - Processing file /opt/airflow/dags/banvic_dag.py for tasks to queue
[2025-09-08T19:36:14.645+0000] {logging_mixin.py:188} INFO - [2025-09-08T19:36:14.644+0000] {dagbag.py:538} INFO - Filling up the DagBag from /opt/airflow/dags/banvic_dag.py
[2025-09-08T19:36:15.104+0000] {processor.py:840} INFO - DAG(s) 'banvic_etl' retrieved from /opt/airflow/dags/banvic_dag.py
[2025-09-08T19:36:15.183+0000] {logging_mixin.py:188} INFO - [2025-09-08T19:36:15.183+0000] {dag.py:3036} INFO - Sync 1 DAGs
[2025-09-08T19:36:15.250+0000] {logging_mixin.py:188} INFO - [2025-09-08T19:36:15.250+0000] {dag.py:3823} INFO - Setting next_dagrun for banvic_etl to 2025-09-08 04:35:00+00:00, run_after=2025-09-09 04:35:00+00:00
[2025-09-08T19:36:15.297+0000] {processor.py:183} INFO - Processing /opt/airflow/dags/banvic_dag.py took 0.663 seconds
[2025-09-08T19:36:45.404+0000] {processor.py:161} INFO - Started process (PID=246) to work on /opt/airflow/dags/banvic_dag.py
[2025-09-08T19:36:45.406+0000] {processor.py:830} INFO - Processing file /opt/airflow/dags/banvic_dag.py for tasks to queue
[2025-09-08T19:36:45.408+0000] {logging_mixin.py:188} INFO - [2025-09-08T19:36:45.408+0000] {dagbag.py:538} INFO - Filling up the DagBag from /opt/airflow/dags/banvic_dag.py
[2025-09-08T19:36:45.916+0000] {processor.py:840} INFO - DAG(s) 'banvic_etl' retrieved from /opt/airflow/dags/banvic_dag.py
[2025-09-08T19:36:46.003+0000] {logging_mixin.py:188} INFO - [2025-09-08T19:36:46.001+0000] {dag.py:3036} INFO - Sync 1 DAGs
[2025-09-08T19:36:46.054+0000] {logging_mixin.py:188} INFO - [2025-09-08T19:36:46.054+0000] {dag.py:3823} INFO - Setting next_dagrun for banvic_etl to 2025-09-08 04:35:00+00:00, run_after=2025-09-09 04:35:00+00:00
[2025-09-08T19:36:46.098+0000] {processor.py:183} INFO - Processing /opt/airflow/dags/banvic_dag.py took 0.701 seconds
[2025-09-08T19:37:16.433+0000] {processor.py:161} INFO - Started process (PID=252) to work on /opt/airflow/dags/banvic_dag.py
[2025-09-08T19:37:16.435+0000] {processor.py:830} INFO - Processing file /opt/airflow/dags/banvic_dag.py for tasks to queue
[2025-09-08T19:37:16.437+0000] {logging_mixin.py:188} INFO - [2025-09-08T19:37:16.436+0000] {dagbag.py:538} INFO - Filling up the DagBag from /opt/airflow/dags/banvic_dag.py
[2025-09-08T19:37:16.947+0000] {processor.py:840} INFO - DAG(s) 'banvic_etl' retrieved from /opt/airflow/dags/banvic_dag.py
[2025-09-08T19:37:17.025+0000] {logging_mixin.py:188} INFO - [2025-09-08T19:37:17.024+0000] {dag.py:3036} INFO - Sync 1 DAGs
[2025-09-08T19:37:17.072+0000] {logging_mixin.py:188} INFO - [2025-09-08T19:37:17.072+0000] {dag.py:3823} INFO - Setting next_dagrun for banvic_etl to 2025-09-08 04:35:00+00:00, run_after=2025-09-09 04:35:00+00:00
[2025-09-08T19:37:17.130+0000] {processor.py:183} INFO - Processing /opt/airflow/dags/banvic_dag.py took 0.701 seconds
[2025-09-08T19:37:47.432+0000] {processor.py:161} INFO - Started process (PID=258) to work on /opt/airflow/dags/banvic_dag.py
[2025-09-08T19:37:47.434+0000] {processor.py:830} INFO - Processing file /opt/airflow/dags/banvic_dag.py for tasks to queue
[2025-09-08T19:37:47.435+0000] {logging_mixin.py:188} INFO - [2025-09-08T19:37:47.435+0000] {dagbag.py:538} INFO - Filling up the DagBag from /opt/airflow/dags/banvic_dag.py
[2025-09-08T19:37:47.887+0000] {processor.py:840} INFO - DAG(s) 'banvic_etl' retrieved from /opt/airflow/dags/banvic_dag.py
[2025-09-08T19:37:47.967+0000] {logging_mixin.py:188} INFO - [2025-09-08T19:37:47.966+0000] {dag.py:3036} INFO - Sync 1 DAGs
[2025-09-08T19:37:48.014+0000] {logging_mixin.py:188} INFO - [2025-09-08T19:37:48.014+0000] {dag.py:3823} INFO - Setting next_dagrun for banvic_etl to 2025-09-08 04:35:00+00:00, run_after=2025-09-09 04:35:00+00:00
[2025-09-08T19:37:48.054+0000] {processor.py:183} INFO - Processing /opt/airflow/dags/banvic_dag.py took 0.628 seconds
[2025-09-08T19:38:18.445+0000] {processor.py:161} INFO - Started process (PID=264) to work on /opt/airflow/dags/banvic_dag.py
[2025-09-08T19:38:18.447+0000] {processor.py:830} INFO - Processing file /opt/airflow/dags/banvic_dag.py for tasks to queue
[2025-09-08T19:38:18.449+0000] {logging_mixin.py:188} INFO - [2025-09-08T19:38:18.448+0000] {dagbag.py:538} INFO - Filling up the DagBag from /opt/airflow/dags/banvic_dag.py
[2025-09-08T19:38:18.912+0000] {processor.py:840} INFO - DAG(s) 'banvic_etl' retrieved from /opt/airflow/dags/banvic_dag.py
[2025-09-08T19:38:19.012+0000] {logging_mixin.py:188} INFO - [2025-09-08T19:38:19.011+0000] {dag.py:3036} INFO - Sync 1 DAGs
[2025-09-08T19:38:19.103+0000] {logging_mixin.py:188} INFO - [2025-09-08T19:38:19.102+0000] {dag.py:3823} INFO - Setting next_dagrun for banvic_etl to 2025-09-08 04:35:00+00:00, run_after=2025-09-09 04:35:00+00:00
[2025-09-08T19:38:19.175+0000] {processor.py:183} INFO - Processing /opt/airflow/dags/banvic_dag.py took 0.736 seconds
[2025-09-08T19:38:49.479+0000] {processor.py:161} INFO - Started process (PID=270) to work on /opt/airflow/dags/banvic_dag.py
[2025-09-08T19:38:49.482+0000] {processor.py:830} INFO - Processing file /opt/airflow/dags/banvic_dag.py for tasks to queue
[2025-09-08T19:38:49.484+0000] {logging_mixin.py:188} INFO - [2025-09-08T19:38:49.483+0000] {dagbag.py:538} INFO - Filling up the DagBag from /opt/airflow/dags/banvic_dag.py
[2025-09-08T19:38:49.959+0000] {processor.py:840} INFO - DAG(s) 'banvic_etl' retrieved from /opt/airflow/dags/banvic_dag.py
[2025-09-08T19:38:50.030+0000] {logging_mixin.py:188} INFO - [2025-09-08T19:38:50.030+0000] {dag.py:3036} INFO - Sync 1 DAGs
[2025-09-08T19:38:50.083+0000] {logging_mixin.py:188} INFO - [2025-09-08T19:38:50.083+0000] {dag.py:3823} INFO - Setting next_dagrun for banvic_etl to 2025-09-08 04:35:00+00:00, run_after=2025-09-09 04:35:00+00:00
[2025-09-08T19:38:50.124+0000] {processor.py:183} INFO - Processing /opt/airflow/dags/banvic_dag.py took 0.651 seconds
[2025-09-08T19:39:20.400+0000] {processor.py:161} INFO - Started process (PID=276) to work on /opt/airflow/dags/banvic_dag.py
[2025-09-08T19:39:20.402+0000] {processor.py:830} INFO - Processing file /opt/airflow/dags/banvic_dag.py for tasks to queue
[2025-09-08T19:39:20.403+0000] {logging_mixin.py:188} INFO - [2025-09-08T19:39:20.403+0000] {dagbag.py:538} INFO - Filling up the DagBag from /opt/airflow/dags/banvic_dag.py
[2025-09-08T19:39:20.840+0000] {processor.py:840} INFO - DAG(s) 'banvic_etl' retrieved from /opt/airflow/dags/banvic_dag.py
[2025-09-08T19:39:20.923+0000] {logging_mixin.py:188} INFO - [2025-09-08T19:39:20.922+0000] {dag.py:3036} INFO - Sync 1 DAGs
[2025-09-08T19:39:20.968+0000] {logging_mixin.py:188} INFO - [2025-09-08T19:39:20.967+0000] {dag.py:3823} INFO - Setting next_dagrun for banvic_etl to 2025-09-08 04:35:00+00:00, run_after=2025-09-09 04:35:00+00:00
[2025-09-08T19:39:21.008+0000] {processor.py:183} INFO - Processing /opt/airflow/dags/banvic_dag.py took 0.615 seconds
[2025-09-08T19:39:51.384+0000] {processor.py:161} INFO - Started process (PID=282) to work on /opt/airflow/dags/banvic_dag.py
[2025-09-08T19:39:51.386+0000] {processor.py:830} INFO - Processing file /opt/airflow/dags/banvic_dag.py for tasks to queue
[2025-09-08T19:39:51.389+0000] {logging_mixin.py:188} INFO - [2025-09-08T19:39:51.388+0000] {dagbag.py:538} INFO - Filling up the DagBag from /opt/airflow/dags/banvic_dag.py
[2025-09-08T19:39:51.880+0000] {processor.py:840} INFO - DAG(s) 'banvic_etl' retrieved from /opt/airflow/dags/banvic_dag.py
[2025-09-08T19:39:51.983+0000] {logging_mixin.py:188} INFO - [2025-09-08T19:39:51.982+0000] {dag.py:3036} INFO - Sync 1 DAGs
[2025-09-08T19:39:52.066+0000] {logging_mixin.py:188} INFO - [2025-09-08T19:39:52.066+0000] {dag.py:3823} INFO - Setting next_dagrun for banvic_etl to 2025-09-08 04:35:00+00:00, run_after=2025-09-09 04:35:00+00:00
[2025-09-08T19:39:52.124+0000] {processor.py:183} INFO - Processing /opt/airflow/dags/banvic_dag.py took 0.745 seconds
[2025-09-08T19:40:22.602+0000] {processor.py:161} INFO - Started process (PID=288) to work on /opt/airflow/dags/banvic_dag.py
[2025-09-08T19:40:22.604+0000] {processor.py:830} INFO - Processing file /opt/airflow/dags/banvic_dag.py for tasks to queue
[2025-09-08T19:40:22.608+0000] {logging_mixin.py:188} INFO - [2025-09-08T19:40:22.606+0000] {dagbag.py:538} INFO - Filling up the DagBag from /opt/airflow/dags/banvic_dag.py
[2025-09-08T19:40:23.087+0000] {processor.py:840} INFO - DAG(s) 'banvic_etl' retrieved from /opt/airflow/dags/banvic_dag.py
[2025-09-08T19:40:23.164+0000] {logging_mixin.py:188} INFO - [2025-09-08T19:40:23.164+0000] {dag.py:3036} INFO - Sync 1 DAGs
[2025-09-08T19:40:23.244+0000] {logging_mixin.py:188} INFO - [2025-09-08T19:40:23.243+0000] {dag.py:3823} INFO - Setting next_dagrun for banvic_etl to 2025-09-08 04:35:00+00:00, run_after=2025-09-09 04:35:00+00:00
[2025-09-08T19:40:23.304+0000] {processor.py:183} INFO - Processing /opt/airflow/dags/banvic_dag.py took 0.716 seconds
[2025-09-08T19:40:53.510+0000] {processor.py:161} INFO - Started process (PID=294) to work on /opt/airflow/dags/banvic_dag.py
[2025-09-08T19:40:53.512+0000] {processor.py:830} INFO - Processing file /opt/airflow/dags/banvic_dag.py for tasks to queue
[2025-09-08T19:40:53.513+0000] {logging_mixin.py:188} INFO - [2025-09-08T19:40:53.513+0000] {dagbag.py:538} INFO - Filling up the DagBag from /opt/airflow/dags/banvic_dag.py
[2025-09-08T19:40:54.019+0000] {processor.py:840} INFO - DAG(s) 'banvic_etl' retrieved from /opt/airflow/dags/banvic_dag.py
[2025-09-08T19:40:54.103+0000] {logging_mixin.py:188} INFO - [2025-09-08T19:40:54.103+0000] {dag.py:3036} INFO - Sync 1 DAGs
[2025-09-08T19:40:54.150+0000] {logging_mixin.py:188} INFO - [2025-09-08T19:40:54.150+0000] {dag.py:3823} INFO - Setting next_dagrun for banvic_etl to 2025-09-08 04:35:00+00:00, run_after=2025-09-09 04:35:00+00:00
[2025-09-08T19:40:54.192+0000] {processor.py:183} INFO - Processing /opt/airflow/dags/banvic_dag.py took 0.688 seconds
[2025-09-08T19:41:24.464+0000] {processor.py:161} INFO - Started process (PID=300) to work on /opt/airflow/dags/banvic_dag.py
[2025-09-08T19:41:24.467+0000] {processor.py:830} INFO - Processing file /opt/airflow/dags/banvic_dag.py for tasks to queue
[2025-09-08T19:41:24.468+0000] {logging_mixin.py:188} INFO - [2025-09-08T19:41:24.468+0000] {dagbag.py:538} INFO - Filling up the DagBag from /opt/airflow/dags/banvic_dag.py
[2025-09-08T19:41:24.959+0000] {processor.py:840} INFO - DAG(s) 'banvic_etl' retrieved from /opt/airflow/dags/banvic_dag.py
[2025-09-08T19:41:25.039+0000] {logging_mixin.py:188} INFO - [2025-09-08T19:41:25.039+0000] {dag.py:3036} INFO - Sync 1 DAGs
[2025-09-08T19:41:25.101+0000] {logging_mixin.py:188} INFO - [2025-09-08T19:41:25.100+0000] {dag.py:3823} INFO - Setting next_dagrun for banvic_etl to 2025-09-08 04:35:00+00:00, run_after=2025-09-09 04:35:00+00:00
[2025-09-08T19:41:25.147+0000] {processor.py:183} INFO - Processing /opt/airflow/dags/banvic_dag.py took 0.690 seconds
[2025-09-08T19:41:55.486+0000] {processor.py:161} INFO - Started process (PID=306) to work on /opt/airflow/dags/banvic_dag.py
[2025-09-08T19:41:55.488+0000] {processor.py:830} INFO - Processing file /opt/airflow/dags/banvic_dag.py for tasks to queue
[2025-09-08T19:41:55.489+0000] {logging_mixin.py:188} INFO - [2025-09-08T19:41:55.489+0000] {dagbag.py:538} INFO - Filling up the DagBag from /opt/airflow/dags/banvic_dag.py
[2025-09-08T19:41:56.003+0000] {processor.py:840} INFO - DAG(s) 'banvic_etl' retrieved from /opt/airflow/dags/banvic_dag.py
[2025-09-08T19:41:56.125+0000] {logging_mixin.py:188} INFO - [2025-09-08T19:41:56.124+0000] {dag.py:3036} INFO - Sync 1 DAGs
[2025-09-08T19:41:56.220+0000] {logging_mixin.py:188} INFO - [2025-09-08T19:41:56.219+0000] {dag.py:3823} INFO - Setting next_dagrun for banvic_etl to 2025-09-08 04:35:00+00:00, run_after=2025-09-09 04:35:00+00:00
[2025-09-08T19:41:56.279+0000] {processor.py:183} INFO - Processing /opt/airflow/dags/banvic_dag.py took 0.798 seconds
[2025-09-08T19:42:26.603+0000] {processor.py:161} INFO - Started process (PID=312) to work on /opt/airflow/dags/banvic_dag.py
[2025-09-08T19:42:26.608+0000] {processor.py:830} INFO - Processing file /opt/airflow/dags/banvic_dag.py for tasks to queue
[2025-09-08T19:42:26.610+0000] {logging_mixin.py:188} INFO - [2025-09-08T19:42:26.610+0000] {dagbag.py:538} INFO - Filling up the DagBag from /opt/airflow/dags/banvic_dag.py
[2025-09-08T19:42:27.117+0000] {processor.py:840} INFO - DAG(s) 'banvic_etl' retrieved from /opt/airflow/dags/banvic_dag.py
[2025-09-08T19:42:27.200+0000] {logging_mixin.py:188} INFO - [2025-09-08T19:42:27.199+0000] {dag.py:3036} INFO - Sync 1 DAGs
[2025-09-08T19:42:27.249+0000] {logging_mixin.py:188} INFO - [2025-09-08T19:42:27.248+0000] {dag.py:3823} INFO - Setting next_dagrun for banvic_etl to 2025-09-08 04:35:00+00:00, run_after=2025-09-09 04:35:00+00:00
[2025-09-08T19:42:27.293+0000] {processor.py:183} INFO - Processing /opt/airflow/dags/banvic_dag.py took 0.700 seconds
[2025-09-08T19:42:57.678+0000] {processor.py:161} INFO - Started process (PID=318) to work on /opt/airflow/dags/banvic_dag.py
[2025-09-08T19:42:57.681+0000] {processor.py:830} INFO - Processing file /opt/airflow/dags/banvic_dag.py for tasks to queue
[2025-09-08T19:42:57.682+0000] {logging_mixin.py:188} INFO - [2025-09-08T19:42:57.682+0000] {dagbag.py:538} INFO - Filling up the DagBag from /opt/airflow/dags/banvic_dag.py
[2025-09-08T19:42:58.187+0000] {processor.py:840} INFO - DAG(s) 'banvic_etl' retrieved from /opt/airflow/dags/banvic_dag.py
[2025-09-08T19:42:58.319+0000] {logging_mixin.py:188} INFO - [2025-09-08T19:42:58.317+0000] {dag.py:3036} INFO - Sync 1 DAGs
[2025-09-08T19:42:58.471+0000] {logging_mixin.py:188} INFO - [2025-09-08T19:42:58.470+0000] {dag.py:3823} INFO - Setting next_dagrun for banvic_etl to 2025-09-08 04:35:00+00:00, run_after=2025-09-09 04:35:00+00:00
[2025-09-08T19:42:58.527+0000] {processor.py:183} INFO - Processing /opt/airflow/dags/banvic_dag.py took 0.854 seconds
[2025-09-08T19:43:28.760+0000] {processor.py:161} INFO - Started process (PID=324) to work on /opt/airflow/dags/banvic_dag.py
[2025-09-08T19:43:28.762+0000] {processor.py:830} INFO - Processing file /opt/airflow/dags/banvic_dag.py for tasks to queue
[2025-09-08T19:43:28.764+0000] {logging_mixin.py:188} INFO - [2025-09-08T19:43:28.763+0000] {dagbag.py:538} INFO - Filling up the DagBag from /opt/airflow/dags/banvic_dag.py
[2025-09-08T19:43:29.221+0000] {processor.py:840} INFO - DAG(s) 'banvic_etl' retrieved from /opt/airflow/dags/banvic_dag.py
[2025-09-08T19:43:29.303+0000] {logging_mixin.py:188} INFO - [2025-09-08T19:43:29.302+0000] {dag.py:3036} INFO - Sync 1 DAGs
[2025-09-08T19:43:29.379+0000] {logging_mixin.py:188} INFO - [2025-09-08T19:43:29.378+0000] {dag.py:3823} INFO - Setting next_dagrun for banvic_etl to 2025-09-08 04:35:00+00:00, run_after=2025-09-09 04:35:00+00:00
[2025-09-08T19:43:29.456+0000] {processor.py:183} INFO - Processing /opt/airflow/dags/banvic_dag.py took 0.703 seconds
[2025-09-08T19:43:59.785+0000] {processor.py:161} INFO - Started process (PID=330) to work on /opt/airflow/dags/banvic_dag.py
[2025-09-08T19:43:59.787+0000] {processor.py:830} INFO - Processing file /opt/airflow/dags/banvic_dag.py for tasks to queue
[2025-09-08T19:43:59.789+0000] {logging_mixin.py:188} INFO - [2025-09-08T19:43:59.789+0000] {dagbag.py:538} INFO - Filling up the DagBag from /opt/airflow/dags/banvic_dag.py
[2025-09-08T19:44:00.253+0000] {processor.py:840} INFO - DAG(s) 'banvic_etl' retrieved from /opt/airflow/dags/banvic_dag.py
[2025-09-08T19:44:00.334+0000] {logging_mixin.py:188} INFO - [2025-09-08T19:44:00.333+0000] {dag.py:3036} INFO - Sync 1 DAGs
[2025-09-08T19:44:00.381+0000] {logging_mixin.py:188} INFO - [2025-09-08T19:44:00.381+0000] {dag.py:3823} INFO - Setting next_dagrun for banvic_etl to 2025-09-08 04:35:00+00:00, run_after=2025-09-09 04:35:00+00:00
[2025-09-08T19:44:00.422+0000] {processor.py:183} INFO - Processing /opt/airflow/dags/banvic_dag.py took 0.643 seconds
[2025-09-08T19:44:30.731+0000] {processor.py:161} INFO - Started process (PID=336) to work on /opt/airflow/dags/banvic_dag.py
[2025-09-08T19:44:30.733+0000] {processor.py:830} INFO - Processing file /opt/airflow/dags/banvic_dag.py for tasks to queue
[2025-09-08T19:44:30.735+0000] {logging_mixin.py:188} INFO - [2025-09-08T19:44:30.734+0000] {dagbag.py:538} INFO - Filling up the DagBag from /opt/airflow/dags/banvic_dag.py
[2025-09-08T19:44:31.178+0000] {processor.py:840} INFO - DAG(s) 'banvic_etl' retrieved from /opt/airflow/dags/banvic_dag.py
[2025-09-08T19:44:31.255+0000] {logging_mixin.py:188} INFO - [2025-09-08T19:44:31.254+0000] {dag.py:3036} INFO - Sync 1 DAGs
[2025-09-08T19:44:31.302+0000] {logging_mixin.py:188} INFO - [2025-09-08T19:44:31.302+0000] {dag.py:3823} INFO - Setting next_dagrun for banvic_etl to 2025-09-08 04:35:00+00:00, run_after=2025-09-09 04:35:00+00:00
[2025-09-08T19:44:31.345+0000] {processor.py:183} INFO - Processing /opt/airflow/dags/banvic_dag.py took 0.618 seconds
[2025-09-08T19:45:01.519+0000] {processor.py:161} INFO - Started process (PID=342) to work on /opt/airflow/dags/banvic_dag.py
[2025-09-08T19:45:01.521+0000] {processor.py:830} INFO - Processing file /opt/airflow/dags/banvic_dag.py for tasks to queue
[2025-09-08T19:45:01.522+0000] {logging_mixin.py:188} INFO - [2025-09-08T19:45:01.522+0000] {dagbag.py:538} INFO - Filling up the DagBag from /opt/airflow/dags/banvic_dag.py
[2025-09-08T19:45:01.981+0000] {processor.py:840} INFO - DAG(s) 'banvic_etl' retrieved from /opt/airflow/dags/banvic_dag.py
[2025-09-08T19:45:02.087+0000] {logging_mixin.py:188} INFO - [2025-09-08T19:45:02.086+0000] {dag.py:3036} INFO - Sync 1 DAGs
[2025-09-08T19:45:02.155+0000] {logging_mixin.py:188} INFO - [2025-09-08T19:45:02.154+0000] {dag.py:3823} INFO - Setting next_dagrun for banvic_etl to 2025-09-08 04:35:00+00:00, run_after=2025-09-09 04:35:00+00:00
[2025-09-08T19:45:02.197+0000] {processor.py:183} INFO - Processing /opt/airflow/dags/banvic_dag.py took 0.684 seconds
[2025-09-08T19:45:32.592+0000] {processor.py:161} INFO - Started process (PID=348) to work on /opt/airflow/dags/banvic_dag.py
[2025-09-08T19:45:32.595+0000] {processor.py:830} INFO - Processing file /opt/airflow/dags/banvic_dag.py for tasks to queue
[2025-09-08T19:45:32.597+0000] {logging_mixin.py:188} INFO - [2025-09-08T19:45:32.596+0000] {dagbag.py:538} INFO - Filling up the DagBag from /opt/airflow/dags/banvic_dag.py
[2025-09-08T19:45:33.167+0000] {processor.py:840} INFO - DAG(s) 'banvic_etl' retrieved from /opt/airflow/dags/banvic_dag.py
[2025-09-08T19:45:33.256+0000] {logging_mixin.py:188} INFO - [2025-09-08T19:45:33.255+0000] {dag.py:3036} INFO - Sync 1 DAGs
[2025-09-08T19:45:33.311+0000] {logging_mixin.py:188} INFO - [2025-09-08T19:45:33.311+0000] {dag.py:3823} INFO - Setting next_dagrun for banvic_etl to 2025-09-08 04:35:00+00:00, run_after=2025-09-09 04:35:00+00:00
[2025-09-08T19:45:33.377+0000] {processor.py:183} INFO - Processing /opt/airflow/dags/banvic_dag.py took 0.792 seconds
[2025-09-08T19:46:03.774+0000] {processor.py:161} INFO - Started process (PID=354) to work on /opt/airflow/dags/banvic_dag.py
[2025-09-08T19:46:03.777+0000] {processor.py:830} INFO - Processing file /opt/airflow/dags/banvic_dag.py for tasks to queue
[2025-09-08T19:46:03.779+0000] {logging_mixin.py:188} INFO - [2025-09-08T19:46:03.778+0000] {dagbag.py:538} INFO - Filling up the DagBag from /opt/airflow/dags/banvic_dag.py
[2025-09-08T19:46:04.415+0000] {processor.py:840} INFO - DAG(s) 'banvic_etl' retrieved from /opt/airflow/dags/banvic_dag.py
[2025-09-08T19:46:04.507+0000] {logging_mixin.py:188} INFO - [2025-09-08T19:46:04.506+0000] {dag.py:3036} INFO - Sync 1 DAGs
[2025-09-08T19:46:04.607+0000] {logging_mixin.py:188} INFO - [2025-09-08T19:46:04.606+0000] {dag.py:3823} INFO - Setting next_dagrun for banvic_etl to 2025-09-08 04:35:00+00:00, run_after=2025-09-09 04:35:00+00:00
[2025-09-08T19:46:04.685+0000] {processor.py:183} INFO - Processing /opt/airflow/dags/banvic_dag.py took 0.918 seconds
[2025-09-08T19:46:35.001+0000] {processor.py:161} INFO - Started process (PID=360) to work on /opt/airflow/dags/banvic_dag.py
[2025-09-08T19:46:35.003+0000] {processor.py:830} INFO - Processing file /opt/airflow/dags/banvic_dag.py for tasks to queue
[2025-09-08T19:46:35.005+0000] {logging_mixin.py:188} INFO - [2025-09-08T19:46:35.004+0000] {dagbag.py:538} INFO - Filling up the DagBag from /opt/airflow/dags/banvic_dag.py
[2025-09-08T19:46:35.616+0000] {processor.py:840} INFO - DAG(s) 'banvic_etl' retrieved from /opt/airflow/dags/banvic_dag.py
[2025-09-08T19:46:35.708+0000] {logging_mixin.py:188} INFO - [2025-09-08T19:46:35.707+0000] {dag.py:3036} INFO - Sync 1 DAGs
[2025-09-08T19:46:35.765+0000] {logging_mixin.py:188} INFO - [2025-09-08T19:46:35.764+0000] {dag.py:3823} INFO - Setting next_dagrun for banvic_etl to 2025-09-08 04:35:00+00:00, run_after=2025-09-09 04:35:00+00:00
[2025-09-08T19:46:35.814+0000] {processor.py:183} INFO - Processing /opt/airflow/dags/banvic_dag.py took 0.821 seconds
[2025-09-08T19:47:06.184+0000] {processor.py:161} INFO - Started process (PID=366) to work on /opt/airflow/dags/banvic_dag.py
[2025-09-08T19:47:06.186+0000] {processor.py:830} INFO - Processing file /opt/airflow/dags/banvic_dag.py for tasks to queue
[2025-09-08T19:47:06.188+0000] {logging_mixin.py:188} INFO - [2025-09-08T19:47:06.187+0000] {dagbag.py:538} INFO - Filling up the DagBag from /opt/airflow/dags/banvic_dag.py
[2025-09-08T19:47:06.758+0000] {processor.py:840} INFO - DAG(s) 'banvic_etl' retrieved from /opt/airflow/dags/banvic_dag.py
[2025-09-08T19:47:06.849+0000] {logging_mixin.py:188} INFO - [2025-09-08T19:47:06.846+0000] {dag.py:3036} INFO - Sync 1 DAGs
[2025-09-08T19:47:06.909+0000] {logging_mixin.py:188} INFO - [2025-09-08T19:47:06.909+0000] {dag.py:3823} INFO - Setting next_dagrun for banvic_etl to 2025-09-08 04:35:00+00:00, run_after=2025-09-09 04:35:00+00:00
[2025-09-08T19:47:06.963+0000] {processor.py:183} INFO - Processing /opt/airflow/dags/banvic_dag.py took 0.785 seconds
[2025-09-08T19:47:37.301+0000] {processor.py:161} INFO - Started process (PID=372) to work on /opt/airflow/dags/banvic_dag.py
[2025-09-08T19:47:37.304+0000] {processor.py:830} INFO - Processing file /opt/airflow/dags/banvic_dag.py for tasks to queue
[2025-09-08T19:47:37.306+0000] {logging_mixin.py:188} INFO - [2025-09-08T19:47:37.305+0000] {dagbag.py:538} INFO - Filling up the DagBag from /opt/airflow/dags/banvic_dag.py
[2025-09-08T19:47:37.839+0000] {processor.py:840} INFO - DAG(s) 'banvic_etl' retrieved from /opt/airflow/dags/banvic_dag.py
[2025-09-08T19:47:37.937+0000] {logging_mixin.py:188} INFO - [2025-09-08T19:47:37.937+0000] {dag.py:3036} INFO - Sync 1 DAGs
[2025-09-08T19:47:38.007+0000] {logging_mixin.py:188} INFO - [2025-09-08T19:47:38.006+0000] {dag.py:3823} INFO - Setting next_dagrun for banvic_etl to 2025-09-08 04:35:00+00:00, run_after=2025-09-09 04:35:00+00:00
[2025-09-08T19:47:38.069+0000] {processor.py:183} INFO - Processing /opt/airflow/dags/banvic_dag.py took 0.785 seconds
[2025-09-08T19:48:08.273+0000] {processor.py:161} INFO - Started process (PID=378) to work on /opt/airflow/dags/banvic_dag.py
[2025-09-08T19:48:08.275+0000] {processor.py:830} INFO - Processing file /opt/airflow/dags/banvic_dag.py for tasks to queue
[2025-09-08T19:48:08.276+0000] {logging_mixin.py:188} INFO - [2025-09-08T19:48:08.276+0000] {dagbag.py:538} INFO - Filling up the DagBag from /opt/airflow/dags/banvic_dag.py
[2025-09-08T19:48:08.829+0000] {processor.py:840} INFO - DAG(s) 'banvic_etl' retrieved from /opt/airflow/dags/banvic_dag.py
[2025-09-08T19:48:08.933+0000] {logging_mixin.py:188} INFO - [2025-09-08T19:48:08.932+0000] {dag.py:3036} INFO - Sync 1 DAGs
[2025-09-08T19:48:09.026+0000] {logging_mixin.py:188} INFO - [2025-09-08T19:48:09.025+0000] {dag.py:3823} INFO - Setting next_dagrun for banvic_etl to 2025-09-08 04:35:00+00:00, run_after=2025-09-09 04:35:00+00:00
[2025-09-08T19:48:09.094+0000] {processor.py:183} INFO - Processing /opt/airflow/dags/banvic_dag.py took 0.826 seconds
[2025-09-08T19:48:39.235+0000] {processor.py:161} INFO - Started process (PID=384) to work on /opt/airflow/dags/banvic_dag.py
[2025-09-08T19:48:39.238+0000] {processor.py:830} INFO - Processing file /opt/airflow/dags/banvic_dag.py for tasks to queue
[2025-09-08T19:48:39.241+0000] {logging_mixin.py:188} INFO - [2025-09-08T19:48:39.239+0000] {dagbag.py:538} INFO - Filling up the DagBag from /opt/airflow/dags/banvic_dag.py
[2025-09-08T19:48:39.799+0000] {processor.py:840} INFO - DAG(s) 'banvic_etl' retrieved from /opt/airflow/dags/banvic_dag.py
[2025-09-08T19:48:39.890+0000] {logging_mixin.py:188} INFO - [2025-09-08T19:48:39.890+0000] {dag.py:3036} INFO - Sync 1 DAGs
[2025-09-08T19:48:39.948+0000] {logging_mixin.py:188} INFO - [2025-09-08T19:48:39.947+0000] {dag.py:3823} INFO - Setting next_dagrun for banvic_etl to 2025-09-08 04:35:00+00:00, run_after=2025-09-09 04:35:00+00:00
[2025-09-08T19:48:39.998+0000] {processor.py:183} INFO - Processing /opt/airflow/dags/banvic_dag.py took 0.769 seconds
[2025-09-08T19:49:10.129+0000] {processor.py:161} INFO - Started process (PID=390) to work on /opt/airflow/dags/banvic_dag.py
[2025-09-08T19:49:10.130+0000] {processor.py:830} INFO - Processing file /opt/airflow/dags/banvic_dag.py for tasks to queue
[2025-09-08T19:49:10.132+0000] {logging_mixin.py:188} INFO - [2025-09-08T19:49:10.131+0000] {dagbag.py:538} INFO - Filling up the DagBag from /opt/airflow/dags/banvic_dag.py
[2025-09-08T19:49:10.681+0000] {processor.py:840} INFO - DAG(s) 'banvic_etl' retrieved from /opt/airflow/dags/banvic_dag.py
[2025-09-08T19:49:10.771+0000] {logging_mixin.py:188} INFO - [2025-09-08T19:49:10.770+0000] {dag.py:3036} INFO - Sync 1 DAGs
[2025-09-08T19:49:10.834+0000] {logging_mixin.py:188} INFO - [2025-09-08T19:49:10.833+0000] {dag.py:3823} INFO - Setting next_dagrun for banvic_etl to 2025-09-08 04:35:00+00:00, run_after=2025-09-09 04:35:00+00:00
[2025-09-08T19:49:10.883+0000] {processor.py:183} INFO - Processing /opt/airflow/dags/banvic_dag.py took 0.760 seconds
[2025-09-08T19:49:41.214+0000] {processor.py:161} INFO - Started process (PID=396) to work on /opt/airflow/dags/banvic_dag.py
[2025-09-08T19:49:41.217+0000] {processor.py:830} INFO - Processing file /opt/airflow/dags/banvic_dag.py for tasks to queue
[2025-09-08T19:49:41.219+0000] {logging_mixin.py:188} INFO - [2025-09-08T19:49:41.218+0000] {dagbag.py:538} INFO - Filling up the DagBag from /opt/airflow/dags/banvic_dag.py
[2025-09-08T19:49:41.828+0000] {processor.py:840} INFO - DAG(s) 'banvic_etl' retrieved from /opt/airflow/dags/banvic_dag.py
[2025-09-08T19:49:41.932+0000] {logging_mixin.py:188} INFO - [2025-09-08T19:49:41.931+0000] {dag.py:3036} INFO - Sync 1 DAGs
[2025-09-08T19:49:42.013+0000] {logging_mixin.py:188} INFO - [2025-09-08T19:49:42.011+0000] {dag.py:3823} INFO - Setting next_dagrun for banvic_etl to 2025-09-08 04:35:00+00:00, run_after=2025-09-09 04:35:00+00:00
[2025-09-08T19:49:42.090+0000] {processor.py:183} INFO - Processing /opt/airflow/dags/banvic_dag.py took 0.883 seconds
[2025-09-08T19:50:12.355+0000] {processor.py:161} INFO - Started process (PID=402) to work on /opt/airflow/dags/banvic_dag.py
[2025-09-08T19:50:12.358+0000] {processor.py:830} INFO - Processing file /opt/airflow/dags/banvic_dag.py for tasks to queue
[2025-09-08T19:50:12.360+0000] {logging_mixin.py:188} INFO - [2025-09-08T19:50:12.360+0000] {dagbag.py:538} INFO - Filling up the DagBag from /opt/airflow/dags/banvic_dag.py
[2025-09-08T19:50:12.901+0000] {processor.py:840} INFO - DAG(s) 'banvic_etl' retrieved from /opt/airflow/dags/banvic_dag.py
[2025-09-08T19:50:12.993+0000] {logging_mixin.py:188} INFO - [2025-09-08T19:50:12.992+0000] {dag.py:3036} INFO - Sync 1 DAGs
[2025-09-08T19:50:13.045+0000] {logging_mixin.py:188} INFO - [2025-09-08T19:50:13.045+0000] {dag.py:3823} INFO - Setting next_dagrun for banvic_etl to 2025-09-08 04:35:00+00:00, run_after=2025-09-09 04:35:00+00:00
[2025-09-08T19:50:13.122+0000] {processor.py:183} INFO - Processing /opt/airflow/dags/banvic_dag.py took 0.773 seconds
[2025-09-08T19:50:43.463+0000] {processor.py:161} INFO - Started process (PID=408) to work on /opt/airflow/dags/banvic_dag.py
[2025-09-08T19:50:43.465+0000] {processor.py:830} INFO - Processing file /opt/airflow/dags/banvic_dag.py for tasks to queue
[2025-09-08T19:50:43.466+0000] {logging_mixin.py:188} INFO - [2025-09-08T19:50:43.466+0000] {dagbag.py:538} INFO - Filling up the DagBag from /opt/airflow/dags/banvic_dag.py
[2025-09-08T19:50:44.007+0000] {processor.py:840} INFO - DAG(s) 'banvic_etl' retrieved from /opt/airflow/dags/banvic_dag.py
[2025-09-08T19:50:44.101+0000] {logging_mixin.py:188} INFO - [2025-09-08T19:50:44.100+0000] {dag.py:3036} INFO - Sync 1 DAGs
[2025-09-08T19:50:44.158+0000] {logging_mixin.py:188} INFO - [2025-09-08T19:50:44.158+0000] {dag.py:3823} INFO - Setting next_dagrun for banvic_etl to 2025-09-08 04:35:00+00:00, run_after=2025-09-09 04:35:00+00:00
[2025-09-08T19:50:44.209+0000] {processor.py:183} INFO - Processing /opt/airflow/dags/banvic_dag.py took 0.752 seconds
[2025-09-08T19:51:14.525+0000] {processor.py:161} INFO - Started process (PID=414) to work on /opt/airflow/dags/banvic_dag.py
[2025-09-08T19:51:14.527+0000] {processor.py:830} INFO - Processing file /opt/airflow/dags/banvic_dag.py for tasks to queue
[2025-09-08T19:51:14.528+0000] {logging_mixin.py:188} INFO - [2025-09-08T19:51:14.528+0000] {dagbag.py:538} INFO - Filling up the DagBag from /opt/airflow/dags/banvic_dag.py
[2025-09-08T19:51:15.107+0000] {processor.py:840} INFO - DAG(s) 'banvic_etl' retrieved from /opt/airflow/dags/banvic_dag.py
[2025-09-08T19:51:15.214+0000] {logging_mixin.py:188} INFO - [2025-09-08T19:51:15.212+0000] {dag.py:3036} INFO - Sync 1 DAGs
[2025-09-08T19:51:15.276+0000] {logging_mixin.py:188} INFO - [2025-09-08T19:51:15.275+0000] {dag.py:3823} INFO - Setting next_dagrun for banvic_etl to 2025-09-08 04:35:00+00:00, run_after=2025-09-09 04:35:00+00:00
[2025-09-08T19:51:15.331+0000] {processor.py:183} INFO - Processing /opt/airflow/dags/banvic_dag.py took 0.812 seconds
[2025-09-08T19:51:45.697+0000] {processor.py:161} INFO - Started process (PID=420) to work on /opt/airflow/dags/banvic_dag.py
[2025-09-08T19:51:45.699+0000] {processor.py:830} INFO - Processing file /opt/airflow/dags/banvic_dag.py for tasks to queue
[2025-09-08T19:51:45.702+0000] {logging_mixin.py:188} INFO - [2025-09-08T19:51:45.701+0000] {dagbag.py:538} INFO - Filling up the DagBag from /opt/airflow/dags/banvic_dag.py
[2025-09-08T19:51:46.310+0000] {processor.py:840} INFO - DAG(s) 'banvic_etl' retrieved from /opt/airflow/dags/banvic_dag.py
[2025-09-08T19:51:46.405+0000] {logging_mixin.py:188} INFO - [2025-09-08T19:51:46.405+0000] {dag.py:3036} INFO - Sync 1 DAGs
[2025-09-08T19:51:46.528+0000] {logging_mixin.py:188} INFO - [2025-09-08T19:51:46.528+0000] {dag.py:3823} INFO - Setting next_dagrun for banvic_etl to 2025-09-08 04:35:00+00:00, run_after=2025-09-09 04:35:00+00:00
[2025-09-08T19:51:46.603+0000] {processor.py:183} INFO - Processing /opt/airflow/dags/banvic_dag.py took 0.912 seconds
[2025-09-08T19:52:16.863+0000] {processor.py:161} INFO - Started process (PID=426) to work on /opt/airflow/dags/banvic_dag.py
[2025-09-08T19:52:16.865+0000] {processor.py:830} INFO - Processing file /opt/airflow/dags/banvic_dag.py for tasks to queue
[2025-09-08T19:52:16.866+0000] {logging_mixin.py:188} INFO - [2025-09-08T19:52:16.866+0000] {dagbag.py:538} INFO - Filling up the DagBag from /opt/airflow/dags/banvic_dag.py
[2025-09-08T19:52:17.438+0000] {processor.py:840} INFO - DAG(s) 'banvic_etl' retrieved from /opt/airflow/dags/banvic_dag.py
[2025-09-08T19:52:17.526+0000] {logging_mixin.py:188} INFO - [2025-09-08T19:52:17.525+0000] {dag.py:3036} INFO - Sync 1 DAGs
[2025-09-08T19:52:17.582+0000] {logging_mixin.py:188} INFO - [2025-09-08T19:52:17.581+0000] {dag.py:3823} INFO - Setting next_dagrun for banvic_etl to 2025-09-08 04:35:00+00:00, run_after=2025-09-09 04:35:00+00:00
[2025-09-08T19:52:17.644+0000] {processor.py:183} INFO - Processing /opt/airflow/dags/banvic_dag.py took 0.796 seconds
[2025-09-08T19:52:48.018+0000] {processor.py:161} INFO - Started process (PID=432) to work on /opt/airflow/dags/banvic_dag.py
[2025-09-08T19:52:48.022+0000] {processor.py:830} INFO - Processing file /opt/airflow/dags/banvic_dag.py for tasks to queue
[2025-09-08T19:52:48.025+0000] {logging_mixin.py:188} INFO - [2025-09-08T19:52:48.024+0000] {dagbag.py:538} INFO - Filling up the DagBag from /opt/airflow/dags/banvic_dag.py
[2025-09-08T19:52:48.811+0000] {processor.py:840} INFO - DAG(s) 'banvic_etl' retrieved from /opt/airflow/dags/banvic_dag.py
[2025-09-08T19:52:48.940+0000] {logging_mixin.py:188} INFO - [2025-09-08T19:52:48.938+0000] {dag.py:3036} INFO - Sync 1 DAGs
[2025-09-08T19:52:49.038+0000] {logging_mixin.py:188} INFO - [2025-09-08T19:52:49.038+0000] {dag.py:3823} INFO - Setting next_dagrun for banvic_etl to 2025-09-08 04:35:00+00:00, run_after=2025-09-09 04:35:00+00:00
[2025-09-08T19:52:49.110+0000] {processor.py:183} INFO - Processing /opt/airflow/dags/banvic_dag.py took 1.099 seconds
[2025-09-08T19:53:19.244+0000] {processor.py:161} INFO - Started process (PID=438) to work on /opt/airflow/dags/banvic_dag.py
[2025-09-08T19:53:19.247+0000] {processor.py:830} INFO - Processing file /opt/airflow/dags/banvic_dag.py for tasks to queue
[2025-09-08T19:53:19.249+0000] {logging_mixin.py:188} INFO - [2025-09-08T19:53:19.249+0000] {dagbag.py:538} INFO - Filling up the DagBag from /opt/airflow/dags/banvic_dag.py
[2025-09-08T19:53:19.873+0000] {processor.py:840} INFO - DAG(s) 'banvic_etl' retrieved from /opt/airflow/dags/banvic_dag.py
[2025-09-08T19:53:19.982+0000] {logging_mixin.py:188} INFO - [2025-09-08T19:53:19.982+0000] {dag.py:3036} INFO - Sync 1 DAGs
[2025-09-08T19:53:20.054+0000] {logging_mixin.py:188} INFO - [2025-09-08T19:53:20.053+0000] {dag.py:3823} INFO - Setting next_dagrun for banvic_etl to 2025-09-08 04:35:00+00:00, run_after=2025-09-09 04:35:00+00:00
[2025-09-08T19:53:20.118+0000] {processor.py:183} INFO - Processing /opt/airflow/dags/banvic_dag.py took 0.882 seconds
[2025-09-08T19:53:50.618+0000] {processor.py:161} INFO - Started process (PID=444) to work on /opt/airflow/dags/banvic_dag.py
[2025-09-08T19:53:50.621+0000] {processor.py:830} INFO - Processing file /opt/airflow/dags/banvic_dag.py for tasks to queue
[2025-09-08T19:53:50.622+0000] {logging_mixin.py:188} INFO - [2025-09-08T19:53:50.622+0000] {dagbag.py:538} INFO - Filling up the DagBag from /opt/airflow/dags/banvic_dag.py
[2025-09-08T19:53:51.189+0000] {processor.py:840} INFO - DAG(s) 'banvic_etl' retrieved from /opt/airflow/dags/banvic_dag.py
[2025-09-08T19:53:51.281+0000] {logging_mixin.py:188} INFO - [2025-09-08T19:53:51.280+0000] {dag.py:3036} INFO - Sync 1 DAGs
[2025-09-08T19:53:51.384+0000] {logging_mixin.py:188} INFO - [2025-09-08T19:53:51.383+0000] {dag.py:3823} INFO - Setting next_dagrun for banvic_etl to 2025-09-08 04:35:00+00:00, run_after=2025-09-09 04:35:00+00:00
[2025-09-08T19:53:51.450+0000] {processor.py:183} INFO - Processing /opt/airflow/dags/banvic_dag.py took 0.839 seconds
[2025-09-08T19:54:21.787+0000] {processor.py:161} INFO - Started process (PID=450) to work on /opt/airflow/dags/banvic_dag.py
[2025-09-08T19:54:21.791+0000] {processor.py:830} INFO - Processing file /opt/airflow/dags/banvic_dag.py for tasks to queue
[2025-09-08T19:54:21.793+0000] {logging_mixin.py:188} INFO - [2025-09-08T19:54:21.792+0000] {dagbag.py:538} INFO - Filling up the DagBag from /opt/airflow/dags/banvic_dag.py
[2025-09-08T19:54:22.428+0000] {processor.py:840} INFO - DAG(s) 'banvic_etl' retrieved from /opt/airflow/dags/banvic_dag.py
[2025-09-08T19:54:22.531+0000] {logging_mixin.py:188} INFO - [2025-09-08T19:54:22.530+0000] {dag.py:3036} INFO - Sync 1 DAGs
[2025-09-08T19:54:22.594+0000] {logging_mixin.py:188} INFO - [2025-09-08T19:54:22.594+0000] {dag.py:3823} INFO - Setting next_dagrun for banvic_etl to 2025-09-08 04:35:00+00:00, run_after=2025-09-09 04:35:00+00:00
[2025-09-08T19:54:22.648+0000] {processor.py:183} INFO - Processing /opt/airflow/dags/banvic_dag.py took 0.883 seconds
[2025-09-08T19:54:53.115+0000] {processor.py:161} INFO - Started process (PID=456) to work on /opt/airflow/dags/banvic_dag.py
[2025-09-08T19:54:53.117+0000] {processor.py:830} INFO - Processing file /opt/airflow/dags/banvic_dag.py for tasks to queue
[2025-09-08T19:54:53.118+0000] {logging_mixin.py:188} INFO - [2025-09-08T19:54:53.118+0000] {dagbag.py:538} INFO - Filling up the DagBag from /opt/airflow/dags/banvic_dag.py
[2025-09-08T19:54:52.532+0000] {processor.py:840} INFO - DAG(s) 'banvic_etl' retrieved from /opt/airflow/dags/banvic_dag.py
[2025-09-08T19:54:52.672+0000] {logging_mixin.py:188} INFO - [2025-09-08T19:54:52.671+0000] {dag.py:3036} INFO - Sync 1 DAGs
[2025-09-08T19:54:52.775+0000] {logging_mixin.py:188} INFO - [2025-09-08T19:54:52.774+0000] {dag.py:3823} INFO - Setting next_dagrun for banvic_etl to 2025-09-08 04:35:00+00:00, run_after=2025-09-09 04:35:00+00:00
[2025-09-08T19:54:52.842+0000] {processor.py:183} INFO - Processing /opt/airflow/dags/banvic_dag.py took 1.038 seconds
[2025-09-08T19:55:23.178+0000] {processor.py:161} INFO - Started process (PID=462) to work on /opt/airflow/dags/banvic_dag.py
[2025-09-08T19:55:23.182+0000] {processor.py:830} INFO - Processing file /opt/airflow/dags/banvic_dag.py for tasks to queue
[2025-09-08T19:55:23.184+0000] {logging_mixin.py:188} INFO - [2025-09-08T19:55:23.183+0000] {dagbag.py:538} INFO - Filling up the DagBag from /opt/airflow/dags/banvic_dag.py
[2025-09-08T19:55:23.732+0000] {processor.py:840} INFO - DAG(s) 'banvic_etl' retrieved from /opt/airflow/dags/banvic_dag.py
[2025-09-08T19:55:23.823+0000] {logging_mixin.py:188} INFO - [2025-09-08T19:55:23.822+0000] {dag.py:3036} INFO - Sync 1 DAGs
[2025-09-08T19:55:23.881+0000] {logging_mixin.py:188} INFO - [2025-09-08T19:55:23.881+0000] {dag.py:3823} INFO - Setting next_dagrun for banvic_etl to 2025-09-08 04:35:00+00:00, run_after=2025-09-09 04:35:00+00:00
[2025-09-08T19:55:23.939+0000] {processor.py:183} INFO - Processing /opt/airflow/dags/banvic_dag.py took 0.769 seconds
[2025-09-08T19:55:54.317+0000] {processor.py:161} INFO - Started process (PID=468) to work on /opt/airflow/dags/banvic_dag.py
[2025-09-08T19:55:54.320+0000] {processor.py:830} INFO - Processing file /opt/airflow/dags/banvic_dag.py for tasks to queue
[2025-09-08T19:55:54.324+0000] {logging_mixin.py:188} INFO - [2025-09-08T19:55:54.322+0000] {dagbag.py:538} INFO - Filling up the DagBag from /opt/airflow/dags/banvic_dag.py
[2025-09-08T19:55:55.120+0000] {processor.py:840} INFO - DAG(s) 'banvic_etl' retrieved from /opt/airflow/dags/banvic_dag.py
[2025-09-08T19:55:55.296+0000] {logging_mixin.py:188} INFO - [2025-09-08T19:55:55.277+0000] {dag.py:3036} INFO - Sync 1 DAGs
[2025-09-08T19:55:55.431+0000] {logging_mixin.py:188} INFO - [2025-09-08T19:55:55.430+0000] {dag.py:3823} INFO - Setting next_dagrun for banvic_etl to 2025-09-08 04:35:00+00:00, run_after=2025-09-09 04:35:00+00:00
[2025-09-08T19:55:55.533+0000] {processor.py:183} INFO - Processing /opt/airflow/dags/banvic_dag.py took 1.228 seconds
[2025-09-08T19:56:25.705+0000] {processor.py:161} INFO - Started process (PID=474) to work on /opt/airflow/dags/banvic_dag.py
[2025-09-08T19:56:25.707+0000] {processor.py:830} INFO - Processing file /opt/airflow/dags/banvic_dag.py for tasks to queue
[2025-09-08T19:56:25.710+0000] {logging_mixin.py:188} INFO - [2025-09-08T19:56:25.708+0000] {dagbag.py:538} INFO - Filling up the DagBag from /opt/airflow/dags/banvic_dag.py
[2025-09-08T19:56:26.285+0000] {processor.py:840} INFO - DAG(s) 'banvic_etl' retrieved from /opt/airflow/dags/banvic_dag.py
[2025-09-08T19:56:26.378+0000] {logging_mixin.py:188} INFO - [2025-09-08T19:56:26.377+0000] {dag.py:3036} INFO - Sync 1 DAGs
[2025-09-08T19:56:26.432+0000] {logging_mixin.py:188} INFO - [2025-09-08T19:56:26.431+0000] {dag.py:3823} INFO - Setting next_dagrun for banvic_etl to 2025-09-08 04:35:00+00:00, run_after=2025-09-09 04:35:00+00:00
[2025-09-08T19:56:26.480+0000] {processor.py:183} INFO - Processing /opt/airflow/dags/banvic_dag.py took 0.783 seconds
[2025-09-08T19:56:56.749+0000] {processor.py:161} INFO - Started process (PID=480) to work on /opt/airflow/dags/banvic_dag.py
[2025-09-08T19:56:56.751+0000] {processor.py:830} INFO - Processing file /opt/airflow/dags/banvic_dag.py for tasks to queue
[2025-09-08T19:56:56.753+0000] {logging_mixin.py:188} INFO - [2025-09-08T19:56:56.753+0000] {dagbag.py:538} INFO - Filling up the DagBag from /opt/airflow/dags/banvic_dag.py
[2025-09-08T19:56:57.302+0000] {processor.py:840} INFO - DAG(s) 'banvic_etl' retrieved from /opt/airflow/dags/banvic_dag.py
[2025-09-08T19:56:57.392+0000] {logging_mixin.py:188} INFO - [2025-09-08T19:56:57.391+0000] {dag.py:3036} INFO - Sync 1 DAGs
[2025-09-08T19:56:57.445+0000] {logging_mixin.py:188} INFO - [2025-09-08T19:56:57.445+0000] {dag.py:3823} INFO - Setting next_dagrun for banvic_etl to 2025-09-08 04:35:00+00:00, run_after=2025-09-09 04:35:00+00:00
[2025-09-08T19:56:57.509+0000] {processor.py:183} INFO - Processing /opt/airflow/dags/banvic_dag.py took 0.766 seconds
[2025-09-08T19:57:27.864+0000] {processor.py:161} INFO - Started process (PID=486) to work on /opt/airflow/dags/banvic_dag.py
[2025-09-08T19:57:27.866+0000] {processor.py:830} INFO - Processing file /opt/airflow/dags/banvic_dag.py for tasks to queue
[2025-09-08T19:57:27.867+0000] {logging_mixin.py:188} INFO - [2025-09-08T19:57:27.867+0000] {dagbag.py:538} INFO - Filling up the DagBag from /opt/airflow/dags/banvic_dag.py
[2025-09-08T19:57:28.473+0000] {processor.py:840} INFO - DAG(s) 'banvic_etl' retrieved from /opt/airflow/dags/banvic_dag.py
[2025-09-08T19:57:28.577+0000] {logging_mixin.py:188} INFO - [2025-09-08T19:57:28.576+0000] {dag.py:3036} INFO - Sync 1 DAGs
[2025-09-08T19:57:28.635+0000] {logging_mixin.py:188} INFO - [2025-09-08T19:57:28.635+0000] {dag.py:3823} INFO - Setting next_dagrun for banvic_etl to 2025-09-08 04:35:00+00:00, run_after=2025-09-09 04:35:00+00:00
[2025-09-08T19:57:28.702+0000] {processor.py:183} INFO - Processing /opt/airflow/dags/banvic_dag.py took 0.844 seconds
[2025-09-08T19:57:58.959+0000] {processor.py:161} INFO - Started process (PID=492) to work on /opt/airflow/dags/banvic_dag.py
[2025-09-08T19:57:58.961+0000] {processor.py:830} INFO - Processing file /opt/airflow/dags/banvic_dag.py for tasks to queue
[2025-09-08T19:57:58.963+0000] {logging_mixin.py:188} INFO - [2025-09-08T19:57:58.962+0000] {dagbag.py:538} INFO - Filling up the DagBag from /opt/airflow/dags/banvic_dag.py
[2025-09-08T19:57:59.555+0000] {processor.py:840} INFO - DAG(s) 'banvic_etl' retrieved from /opt/airflow/dags/banvic_dag.py
[2025-09-08T19:57:59.660+0000] {logging_mixin.py:188} INFO - [2025-09-08T19:57:59.660+0000] {dag.py:3036} INFO - Sync 1 DAGs
[2025-09-08T19:57:59.731+0000] {logging_mixin.py:188} INFO - [2025-09-08T19:57:59.731+0000] {dag.py:3823} INFO - Setting next_dagrun for banvic_etl to 2025-09-08 04:35:00+00:00, run_after=2025-09-09 04:35:00+00:00
[2025-09-08T19:57:59.796+0000] {processor.py:183} INFO - Processing /opt/airflow/dags/banvic_dag.py took 0.843 seconds
[2025-09-08T19:58:30.108+0000] {processor.py:161} INFO - Started process (PID=498) to work on /opt/airflow/dags/banvic_dag.py
[2025-09-08T19:58:30.112+0000] {processor.py:830} INFO - Processing file /opt/airflow/dags/banvic_dag.py for tasks to queue
[2025-09-08T19:58:30.115+0000] {logging_mixin.py:188} INFO - [2025-09-08T19:58:30.114+0000] {dagbag.py:538} INFO - Filling up the DagBag from /opt/airflow/dags/banvic_dag.py
[2025-09-08T19:58:30.690+0000] {processor.py:840} INFO - DAG(s) 'banvic_etl' retrieved from /opt/airflow/dags/banvic_dag.py
[2025-09-08T19:58:30.789+0000] {logging_mixin.py:188} INFO - [2025-09-08T19:58:30.788+0000] {dag.py:3036} INFO - Sync 1 DAGs
[2025-09-08T19:58:30.904+0000] {logging_mixin.py:188} INFO - [2025-09-08T19:58:30.903+0000] {dag.py:3823} INFO - Setting next_dagrun for banvic_etl to 2025-09-08 04:35:00+00:00, run_after=2025-09-09 04:35:00+00:00
[2025-09-08T19:58:30.978+0000] {processor.py:183} INFO - Processing /opt/airflow/dags/banvic_dag.py took 0.874 seconds
[2025-09-08T19:59:01.189+0000] {processor.py:161} INFO - Started process (PID=504) to work on /opt/airflow/dags/banvic_dag.py
[2025-09-08T19:59:01.191+0000] {processor.py:830} INFO - Processing file /opt/airflow/dags/banvic_dag.py for tasks to queue
[2025-09-08T19:59:01.192+0000] {logging_mixin.py:188} INFO - [2025-09-08T19:59:01.192+0000] {dagbag.py:538} INFO - Filling up the DagBag from /opt/airflow/dags/banvic_dag.py
[2025-09-08T19:59:01.762+0000] {processor.py:840} INFO - DAG(s) 'banvic_etl' retrieved from /opt/airflow/dags/banvic_dag.py
[2025-09-08T19:59:01.868+0000] {logging_mixin.py:188} INFO - [2025-09-08T19:59:01.867+0000] {dag.py:3036} INFO - Sync 1 DAGs
[2025-09-08T19:59:01.933+0000] {logging_mixin.py:188} INFO - [2025-09-08T19:59:01.933+0000] {dag.py:3823} INFO - Setting next_dagrun for banvic_etl to 2025-09-08 04:35:00+00:00, run_after=2025-09-09 04:35:00+00:00
[2025-09-08T19:59:02.013+0000] {processor.py:183} INFO - Processing /opt/airflow/dags/banvic_dag.py took 0.829 seconds
[2025-09-08T19:59:32.246+0000] {processor.py:161} INFO - Started process (PID=510) to work on /opt/airflow/dags/banvic_dag.py
[2025-09-08T19:59:32.248+0000] {processor.py:830} INFO - Processing file /opt/airflow/dags/banvic_dag.py for tasks to queue
[2025-09-08T19:59:32.250+0000] {logging_mixin.py:188} INFO - [2025-09-08T19:59:32.250+0000] {dagbag.py:538} INFO - Filling up the DagBag from /opt/airflow/dags/banvic_dag.py
[2025-09-08T19:59:32.778+0000] {processor.py:840} INFO - DAG(s) 'banvic_etl' retrieved from /opt/airflow/dags/banvic_dag.py
[2025-09-08T19:59:32.868+0000] {logging_mixin.py:188} INFO - [2025-09-08T19:59:32.868+0000] {dag.py:3036} INFO - Sync 1 DAGs
[2025-09-08T19:59:32.925+0000] {logging_mixin.py:188} INFO - [2025-09-08T19:59:32.925+0000] {dag.py:3823} INFO - Setting next_dagrun for banvic_etl to 2025-09-08 04:35:00+00:00, run_after=2025-09-09 04:35:00+00:00
[2025-09-08T19:59:32.979+0000] {processor.py:183} INFO - Processing /opt/airflow/dags/banvic_dag.py took 0.737 seconds
[2025-09-08T20:00:03.127+0000] {processor.py:161} INFO - Started process (PID=516) to work on /opt/airflow/dags/banvic_dag.py
[2025-09-08T20:00:03.129+0000] {processor.py:830} INFO - Processing file /opt/airflow/dags/banvic_dag.py for tasks to queue
[2025-09-08T20:00:03.132+0000] {logging_mixin.py:188} INFO - [2025-09-08T20:00:03.131+0000] {dagbag.py:538} INFO - Filling up the DagBag from /opt/airflow/dags/banvic_dag.py
[2025-09-08T20:00:03.731+0000] {processor.py:840} INFO - DAG(s) 'banvic_etl' retrieved from /opt/airflow/dags/banvic_dag.py
[2025-09-08T20:00:03.821+0000] {logging_mixin.py:188} INFO - [2025-09-08T20:00:03.821+0000] {dag.py:3036} INFO - Sync 1 DAGs
[2025-09-08T20:00:03.878+0000] {logging_mixin.py:188} INFO - [2025-09-08T20:00:03.878+0000] {dag.py:3823} INFO - Setting next_dagrun for banvic_etl to 2025-09-08 04:35:00+00:00, run_after=2025-09-09 04:35:00+00:00
[2025-09-08T20:00:03.929+0000] {processor.py:183} INFO - Processing /opt/airflow/dags/banvic_dag.py took 0.810 seconds
[2025-09-08T20:00:34.431+0000] {processor.py:161} INFO - Started process (PID=522) to work on /opt/airflow/dags/banvic_dag.py
[2025-09-08T20:00:34.433+0000] {processor.py:830} INFO - Processing file /opt/airflow/dags/banvic_dag.py for tasks to queue
[2025-09-08T20:00:34.434+0000] {logging_mixin.py:188} INFO - [2025-09-08T20:00:34.434+0000] {dagbag.py:538} INFO - Filling up the DagBag from /opt/airflow/dags/banvic_dag.py
[2025-09-08T20:00:35.013+0000] {processor.py:840} INFO - DAG(s) 'banvic_etl' retrieved from /opt/airflow/dags/banvic_dag.py
[2025-09-08T20:00:35.110+0000] {logging_mixin.py:188} INFO - [2025-09-08T20:00:35.109+0000] {dag.py:3036} INFO - Sync 1 DAGs
[2025-09-08T20:00:35.169+0000] {logging_mixin.py:188} INFO - [2025-09-08T20:00:35.169+0000] {dag.py:3823} INFO - Setting next_dagrun for banvic_etl to 2025-09-08 04:35:00+00:00, run_after=2025-09-09 04:35:00+00:00
[2025-09-08T20:00:35.263+0000] {processor.py:183} INFO - Processing /opt/airflow/dags/banvic_dag.py took 0.837 seconds
[2025-09-08T20:01:05.540+0000] {processor.py:161} INFO - Started process (PID=528) to work on /opt/airflow/dags/banvic_dag.py
[2025-09-08T20:01:05.542+0000] {processor.py:830} INFO - Processing file /opt/airflow/dags/banvic_dag.py for tasks to queue
[2025-09-08T20:01:05.544+0000] {logging_mixin.py:188} INFO - [2025-09-08T20:01:05.543+0000] {dagbag.py:538} INFO - Filling up the DagBag from /opt/airflow/dags/banvic_dag.py
[2025-09-08T20:01:06.098+0000] {processor.py:840} INFO - DAG(s) 'banvic_etl' retrieved from /opt/airflow/dags/banvic_dag.py
[2025-09-08T20:01:06.195+0000] {logging_mixin.py:188} INFO - [2025-09-08T20:01:06.194+0000] {dag.py:3036} INFO - Sync 1 DAGs
[2025-09-08T20:01:06.258+0000] {logging_mixin.py:188} INFO - [2025-09-08T20:01:06.257+0000] {dag.py:3823} INFO - Setting next_dagrun for banvic_etl to 2025-09-08 04:35:00+00:00, run_after=2025-09-09 04:35:00+00:00
[2025-09-08T20:01:06.329+0000] {processor.py:183} INFO - Processing /opt/airflow/dags/banvic_dag.py took 0.795 seconds
[2025-09-08T20:01:37.490+0000] {processor.py:161} INFO - Started process (PID=534) to work on /opt/airflow/dags/banvic_dag.py
[2025-09-08T20:01:37.492+0000] {processor.py:830} INFO - Processing file /opt/airflow/dags/banvic_dag.py for tasks to queue
[2025-09-08T20:01:37.495+0000] {logging_mixin.py:188} INFO - [2025-09-08T20:01:37.494+0000] {dagbag.py:538} INFO - Filling up the DagBag from /opt/airflow/dags/banvic_dag.py
[2025-09-08T20:01:38.105+0000] {processor.py:840} INFO - DAG(s) 'banvic_etl' retrieved from /opt/airflow/dags/banvic_dag.py
[2025-09-08T20:01:38.199+0000] {logging_mixin.py:188} INFO - [2025-09-08T20:01:38.197+0000] {dag.py:3036} INFO - Sync 1 DAGs
[2025-09-08T20:01:38.273+0000] {logging_mixin.py:188} INFO - [2025-09-08T20:01:38.272+0000] {dag.py:3823} INFO - Setting next_dagrun for banvic_etl to 2025-09-08 04:35:00+00:00, run_after=2025-09-09 04:35:00+00:00
[2025-09-08T20:01:38.343+0000] {processor.py:183} INFO - Processing /opt/airflow/dags/banvic_dag.py took 0.861 seconds
[2025-09-08T20:02:08.636+0000] {processor.py:161} INFO - Started process (PID=540) to work on /opt/airflow/dags/banvic_dag.py
[2025-09-08T20:02:08.639+0000] {processor.py:830} INFO - Processing file /opt/airflow/dags/banvic_dag.py for tasks to queue
[2025-09-08T20:02:08.641+0000] {logging_mixin.py:188} INFO - [2025-09-08T20:02:08.641+0000] {dagbag.py:538} INFO - Filling up the DagBag from /opt/airflow/dags/banvic_dag.py
[2025-09-08T20:02:09.245+0000] {processor.py:840} INFO - DAG(s) 'banvic_etl' retrieved from /opt/airflow/dags/banvic_dag.py
[2025-09-08T20:02:09.353+0000] {logging_mixin.py:188} INFO - [2025-09-08T20:02:09.351+0000] {dag.py:3036} INFO - Sync 1 DAGs
[2025-09-08T20:02:09.424+0000] {logging_mixin.py:188} INFO - [2025-09-08T20:02:09.424+0000] {dag.py:3823} INFO - Setting next_dagrun for banvic_etl to 2025-09-08 04:35:00+00:00, run_after=2025-09-09 04:35:00+00:00
[2025-09-08T20:02:09.488+0000] {processor.py:183} INFO - Processing /opt/airflow/dags/banvic_dag.py took 0.860 seconds
[2025-09-08T20:02:39.739+0000] {processor.py:161} INFO - Started process (PID=546) to work on /opt/airflow/dags/banvic_dag.py
[2025-09-08T20:02:39.742+0000] {processor.py:830} INFO - Processing file /opt/airflow/dags/banvic_dag.py for tasks to queue
[2025-09-08T20:02:39.744+0000] {logging_mixin.py:188} INFO - [2025-09-08T20:02:39.743+0000] {dagbag.py:538} INFO - Filling up the DagBag from /opt/airflow/dags/banvic_dag.py
[2025-09-08T20:02:40.329+0000] {processor.py:840} INFO - DAG(s) 'banvic_etl' retrieved from /opt/airflow/dags/banvic_dag.py
[2025-09-08T20:02:40.479+0000] {logging_mixin.py:188} INFO - [2025-09-08T20:02:40.477+0000] {dag.py:3036} INFO - Sync 1 DAGs
[2025-09-08T20:02:40.572+0000] {logging_mixin.py:188} INFO - [2025-09-08T20:02:40.571+0000] {dag.py:3823} INFO - Setting next_dagrun for banvic_etl to 2025-09-08 04:35:00+00:00, run_after=2025-09-09 04:35:00+00:00
[2025-09-08T20:02:40.651+0000] {processor.py:183} INFO - Processing /opt/airflow/dags/banvic_dag.py took 0.919 seconds
[2025-09-08T20:03:10.875+0000] {processor.py:161} INFO - Started process (PID=552) to work on /opt/airflow/dags/banvic_dag.py
[2025-09-08T20:03:10.877+0000] {processor.py:830} INFO - Processing file /opt/airflow/dags/banvic_dag.py for tasks to queue
[2025-09-08T20:03:10.880+0000] {logging_mixin.py:188} INFO - [2025-09-08T20:03:10.879+0000] {dagbag.py:538} INFO - Filling up the DagBag from /opt/airflow/dags/banvic_dag.py
[2025-09-08T20:03:11.407+0000] {processor.py:840} INFO - DAG(s) 'banvic_etl' retrieved from /opt/airflow/dags/banvic_dag.py
[2025-09-08T20:03:11.496+0000] {logging_mixin.py:188} INFO - [2025-09-08T20:03:11.496+0000] {dag.py:3036} INFO - Sync 1 DAGs
[2025-09-08T20:03:11.550+0000] {logging_mixin.py:188} INFO - [2025-09-08T20:03:11.550+0000] {dag.py:3823} INFO - Setting next_dagrun for banvic_etl to 2025-09-08 04:35:00+00:00, run_after=2025-09-09 04:35:00+00:00
[2025-09-08T20:03:11.609+0000] {processor.py:183} INFO - Processing /opt/airflow/dags/banvic_dag.py took 0.741 seconds
[2025-09-08T20:03:41.900+0000] {processor.py:161} INFO - Started process (PID=558) to work on /opt/airflow/dags/banvic_dag.py
[2025-09-08T20:03:41.904+0000] {processor.py:830} INFO - Processing file /opt/airflow/dags/banvic_dag.py for tasks to queue
[2025-09-08T20:03:41.906+0000] {logging_mixin.py:188} INFO - [2025-09-08T20:03:41.905+0000] {dagbag.py:538} INFO - Filling up the DagBag from /opt/airflow/dags/banvic_dag.py
[2025-09-08T20:03:42.497+0000] {processor.py:840} INFO - DAG(s) 'banvic_etl' retrieved from /opt/airflow/dags/banvic_dag.py
[2025-09-08T20:03:42.580+0000] {logging_mixin.py:188} INFO - [2025-09-08T20:03:42.579+0000] {dag.py:3036} INFO - Sync 1 DAGs
[2025-09-08T20:03:42.639+0000] {logging_mixin.py:188} INFO - [2025-09-08T20:03:42.638+0000] {dag.py:3823} INFO - Setting next_dagrun for banvic_etl to 2025-09-08 04:35:00+00:00, run_after=2025-09-09 04:35:00+00:00
[2025-09-08T20:03:42.707+0000] {processor.py:183} INFO - Processing /opt/airflow/dags/banvic_dag.py took 0.812 seconds
[2025-09-08T20:04:12.878+0000] {processor.py:161} INFO - Started process (PID=564) to work on /opt/airflow/dags/banvic_dag.py
[2025-09-08T20:04:12.881+0000] {processor.py:830} INFO - Processing file /opt/airflow/dags/banvic_dag.py for tasks to queue
[2025-09-08T20:04:12.883+0000] {logging_mixin.py:188} INFO - [2025-09-08T20:04:12.882+0000] {dagbag.py:538} INFO - Filling up the DagBag from /opt/airflow/dags/banvic_dag.py
[2025-09-08T20:04:13.747+0000] {processor.py:840} INFO - DAG(s) 'banvic_etl' retrieved from /opt/airflow/dags/banvic_dag.py
[2025-09-08T20:04:13.914+0000] {logging_mixin.py:188} INFO - [2025-09-08T20:04:13.913+0000] {dag.py:3036} INFO - Sync 1 DAGs
[2025-09-08T20:04:14.026+0000] {logging_mixin.py:188} INFO - [2025-09-08T20:04:14.025+0000] {dag.py:3823} INFO - Setting next_dagrun for banvic_etl to 2025-09-08 04:35:00+00:00, run_after=2025-09-09 04:35:00+00:00
[2025-09-08T20:04:14.110+0000] {processor.py:183} INFO - Processing /opt/airflow/dags/banvic_dag.py took 1.238 seconds
[2025-09-08T20:04:45.085+0000] {processor.py:161} INFO - Started process (PID=570) to work on /opt/airflow/dags/banvic_dag.py
[2025-09-08T20:04:45.088+0000] {processor.py:830} INFO - Processing file /opt/airflow/dags/banvic_dag.py for tasks to queue
[2025-09-08T20:04:45.091+0000] {logging_mixin.py:188} INFO - [2025-09-08T20:04:45.090+0000] {dagbag.py:538} INFO - Filling up the DagBag from /opt/airflow/dags/banvic_dag.py
[2025-09-08T20:04:45.667+0000] {processor.py:840} INFO - DAG(s) 'banvic_etl' retrieved from /opt/airflow/dags/banvic_dag.py
[2025-09-08T20:04:45.773+0000] {logging_mixin.py:188} INFO - [2025-09-08T20:04:45.772+0000] {dag.py:3036} INFO - Sync 1 DAGs
[2025-09-08T20:04:45.835+0000] {logging_mixin.py:188} INFO - [2025-09-08T20:04:45.835+0000] {dag.py:3823} INFO - Setting next_dagrun for banvic_etl to 2025-09-08 04:35:00+00:00, run_after=2025-09-09 04:35:00+00:00
[2025-09-08T20:04:45.904+0000] {processor.py:183} INFO - Processing /opt/airflow/dags/banvic_dag.py took 0.824 seconds
[2025-09-08T20:05:16.139+0000] {processor.py:161} INFO - Started process (PID=576) to work on /opt/airflow/dags/banvic_dag.py
[2025-09-08T20:05:16.141+0000] {processor.py:830} INFO - Processing file /opt/airflow/dags/banvic_dag.py for tasks to queue
[2025-09-08T20:05:16.144+0000] {logging_mixin.py:188} INFO - [2025-09-08T20:05:16.143+0000] {dagbag.py:538} INFO - Filling up the DagBag from /opt/airflow/dags/banvic_dag.py
[2025-09-08T20:05:16.751+0000] {processor.py:840} INFO - DAG(s) 'banvic_etl' retrieved from /opt/airflow/dags/banvic_dag.py
[2025-09-08T20:05:16.855+0000] {logging_mixin.py:188} INFO - [2025-09-08T20:05:16.854+0000] {dag.py:3036} INFO - Sync 1 DAGs
[2025-09-08T20:05:16.917+0000] {logging_mixin.py:188} INFO - [2025-09-08T20:05:16.916+0000] {dag.py:3823} INFO - Setting next_dagrun for banvic_etl to 2025-09-08 04:35:00+00:00, run_after=2025-09-09 04:35:00+00:00
[2025-09-08T20:05:16.980+0000] {processor.py:183} INFO - Processing /opt/airflow/dags/banvic_dag.py took 0.849 seconds
[2025-09-08T20:05:47.355+0000] {processor.py:161} INFO - Started process (PID=582) to work on /opt/airflow/dags/banvic_dag.py
[2025-09-08T20:05:47.358+0000] {processor.py:830} INFO - Processing file /opt/airflow/dags/banvic_dag.py for tasks to queue
[2025-09-08T20:05:47.360+0000] {logging_mixin.py:188} INFO - [2025-09-08T20:05:47.360+0000] {dagbag.py:538} INFO - Filling up the DagBag from /opt/airflow/dags/banvic_dag.py
[2025-09-08T20:05:47.932+0000] {processor.py:840} INFO - DAG(s) 'banvic_etl' retrieved from /opt/airflow/dags/banvic_dag.py
[2025-09-08T20:05:48.029+0000] {logging_mixin.py:188} INFO - [2025-09-08T20:05:48.028+0000] {dag.py:3036} INFO - Sync 1 DAGs
[2025-09-08T20:05:48.088+0000] {logging_mixin.py:188} INFO - [2025-09-08T20:05:48.088+0000] {dag.py:3823} INFO - Setting next_dagrun for banvic_etl to 2025-09-08 04:35:00+00:00, run_after=2025-09-09 04:35:00+00:00
[2025-09-08T20:05:48.141+0000] {processor.py:183} INFO - Processing /opt/airflow/dags/banvic_dag.py took 0.794 seconds
[2025-09-08T20:06:18.581+0000] {processor.py:161} INFO - Started process (PID=588) to work on /opt/airflow/dags/banvic_dag.py
[2025-09-08T20:06:18.587+0000] {processor.py:830} INFO - Processing file /opt/airflow/dags/banvic_dag.py for tasks to queue
[2025-09-08T20:06:18.590+0000] {logging_mixin.py:188} INFO - [2025-09-08T20:06:18.588+0000] {dagbag.py:538} INFO - Filling up the DagBag from /opt/airflow/dags/banvic_dag.py
[2025-09-08T20:06:19.766+0000] {processor.py:840} INFO - DAG(s) 'banvic_etl' retrieved from /opt/airflow/dags/banvic_dag.py
[2025-09-08T20:06:19.891+0000] {logging_mixin.py:188} INFO - [2025-09-08T20:06:19.888+0000] {dag.py:3036} INFO - Sync 1 DAGs
[2025-09-08T20:06:19.990+0000] {logging_mixin.py:188} INFO - [2025-09-08T20:06:19.989+0000] {dag.py:3823} INFO - Setting next_dagrun for banvic_etl to 2025-09-08 04:35:00+00:00, run_after=2025-09-09 04:35:00+00:00
[2025-09-08T20:06:20.058+0000] {processor.py:183} INFO - Processing /opt/airflow/dags/banvic_dag.py took 1.485 seconds
[2025-09-08T20:08:22.785+0000] {processor.py:161} INFO - Started process (PID=167) to work on /opt/airflow/dags/banvic_dag.py
[2025-09-08T20:08:22.789+0000] {processor.py:830} INFO - Processing file /opt/airflow/dags/banvic_dag.py for tasks to queue
[2025-09-08T20:08:22.791+0000] {logging_mixin.py:188} INFO - [2025-09-08T20:08:22.790+0000] {dagbag.py:538} INFO - Filling up the DagBag from /opt/airflow/dags/banvic_dag.py
[2025-09-08T20:08:24.736+0000] {processor.py:840} INFO - DAG(s) 'banvic_etl' retrieved from /opt/airflow/dags/banvic_dag.py
[2025-09-08T20:08:24.820+0000] {logging_mixin.py:188} INFO - [2025-09-08T20:08:24.819+0000] {dag.py:3036} INFO - Sync 1 DAGs
[2025-09-08T20:08:24.885+0000] {logging_mixin.py:188} INFO - [2025-09-08T20:08:24.884+0000] {dag.py:3823} INFO - Setting next_dagrun for banvic_etl to 2025-09-08 04:35:00+00:00, run_after=2025-09-09 04:35:00+00:00
[2025-09-08T20:08:24.939+0000] {processor.py:183} INFO - Processing /opt/airflow/dags/banvic_dag.py took 2.160 seconds
[2025-09-08T20:08:56.001+0000] {processor.py:161} INFO - Started process (PID=174) to work on /opt/airflow/dags/banvic_dag.py
[2025-09-08T20:08:56.004+0000] {processor.py:830} INFO - Processing file /opt/airflow/dags/banvic_dag.py for tasks to queue
[2025-09-08T20:08:56.007+0000] {logging_mixin.py:188} INFO - [2025-09-08T20:08:56.006+0000] {dagbag.py:538} INFO - Filling up the DagBag from /opt/airflow/dags/banvic_dag.py
[2025-09-08T20:08:56.635+0000] {processor.py:840} INFO - DAG(s) 'banvic_etl' retrieved from /opt/airflow/dags/banvic_dag.py
[2025-09-08T20:08:57.118+0000] {logging_mixin.py:188} INFO - [2025-09-08T20:08:57.117+0000] {dag.py:3036} INFO - Sync 1 DAGs
[2025-09-08T20:08:57.181+0000] {logging_mixin.py:188} INFO - [2025-09-08T20:08:57.180+0000] {dag.py:3823} INFO - Setting next_dagrun for banvic_etl to 2025-09-08 04:35:00+00:00, run_after=2025-09-09 04:35:00+00:00
[2025-09-08T20:08:57.232+0000] {processor.py:183} INFO - Processing /opt/airflow/dags/banvic_dag.py took 1.243 seconds
[2025-09-08T20:09:28.133+0000] {processor.py:161} INFO - Started process (PID=180) to work on /opt/airflow/dags/banvic_dag.py
[2025-09-08T20:09:28.135+0000] {processor.py:830} INFO - Processing file /opt/airflow/dags/banvic_dag.py for tasks to queue
[2025-09-08T20:09:28.137+0000] {logging_mixin.py:188} INFO - [2025-09-08T20:09:28.136+0000] {dagbag.py:538} INFO - Filling up the DagBag from /opt/airflow/dags/banvic_dag.py
[2025-09-08T20:09:28.724+0000] {processor.py:840} INFO - DAG(s) 'banvic_etl' retrieved from /opt/airflow/dags/banvic_dag.py
[2025-09-08T20:09:28.825+0000] {logging_mixin.py:188} INFO - [2025-09-08T20:09:28.824+0000] {dag.py:3036} INFO - Sync 1 DAGs
[2025-09-08T20:09:28.880+0000] {logging_mixin.py:188} INFO - [2025-09-08T20:09:28.880+0000] {dag.py:3823} INFO - Setting next_dagrun for banvic_etl to 2025-09-08 04:35:00+00:00, run_after=2025-09-09 04:35:00+00:00
[2025-09-08T20:09:28.930+0000] {processor.py:183} INFO - Processing /opt/airflow/dags/banvic_dag.py took 0.803 seconds
[2025-09-08T20:09:59.187+0000] {processor.py:161} INFO - Started process (PID=186) to work on /opt/airflow/dags/banvic_dag.py
[2025-09-08T20:09:59.190+0000] {processor.py:830} INFO - Processing file /opt/airflow/dags/banvic_dag.py for tasks to queue
[2025-09-08T20:09:59.192+0000] {logging_mixin.py:188} INFO - [2025-09-08T20:09:59.192+0000] {dagbag.py:538} INFO - Filling up the DagBag from /opt/airflow/dags/banvic_dag.py
[2025-09-08T20:09:59.803+0000] {processor.py:840} INFO - DAG(s) 'banvic_etl' retrieved from /opt/airflow/dags/banvic_dag.py
[2025-09-08T20:09:59.915+0000] {logging_mixin.py:188} INFO - [2025-09-08T20:09:59.914+0000] {dag.py:3036} INFO - Sync 1 DAGs
[2025-09-08T20:09:59.973+0000] {logging_mixin.py:188} INFO - [2025-09-08T20:09:59.973+0000] {dag.py:3823} INFO - Setting next_dagrun for banvic_etl to 2025-09-08 04:35:00+00:00, run_after=2025-09-09 04:35:00+00:00
[2025-09-08T20:10:00.030+0000] {processor.py:183} INFO - Processing /opt/airflow/dags/banvic_dag.py took 0.851 seconds
[2025-09-08T20:10:30.982+0000] {processor.py:161} INFO - Started process (PID=192) to work on /opt/airflow/dags/banvic_dag.py
[2025-09-08T20:10:30.986+0000] {processor.py:830} INFO - Processing file /opt/airflow/dags/banvic_dag.py for tasks to queue
[2025-09-08T20:10:30.988+0000] {logging_mixin.py:188} INFO - [2025-09-08T20:10:30.987+0000] {dagbag.py:538} INFO - Filling up the DagBag from /opt/airflow/dags/banvic_dag.py
[2025-09-08T20:10:31.594+0000] {processor.py:840} INFO - DAG(s) 'banvic_etl' retrieved from /opt/airflow/dags/banvic_dag.py
[2025-09-08T20:10:31.685+0000] {logging_mixin.py:188} INFO - [2025-09-08T20:10:31.685+0000] {dag.py:3036} INFO - Sync 1 DAGs
[2025-09-08T20:10:31.751+0000] {logging_mixin.py:188} INFO - [2025-09-08T20:10:31.751+0000] {dag.py:3823} INFO - Setting next_dagrun for banvic_etl to 2025-09-08 04:35:00+00:00, run_after=2025-09-09 04:35:00+00:00
[2025-09-08T20:10:31.806+0000] {processor.py:183} INFO - Processing /opt/airflow/dags/banvic_dag.py took 0.832 seconds
[2025-09-08T20:11:02.051+0000] {processor.py:161} INFO - Started process (PID=198) to work on /opt/airflow/dags/banvic_dag.py
[2025-09-08T20:11:02.054+0000] {processor.py:830} INFO - Processing file /opt/airflow/dags/banvic_dag.py for tasks to queue
[2025-09-08T20:11:02.057+0000] {logging_mixin.py:188} INFO - [2025-09-08T20:11:02.056+0000] {dagbag.py:538} INFO - Filling up the DagBag from /opt/airflow/dags/banvic_dag.py
[2025-09-08T20:11:02.617+0000] {processor.py:840} INFO - DAG(s) 'banvic_etl' retrieved from /opt/airflow/dags/banvic_dag.py
[2025-09-08T20:11:02.716+0000] {logging_mixin.py:188} INFO - [2025-09-08T20:11:02.715+0000] {dag.py:3036} INFO - Sync 1 DAGs
[2025-09-08T20:11:02.773+0000] {logging_mixin.py:188} INFO - [2025-09-08T20:11:02.773+0000] {dag.py:3823} INFO - Setting next_dagrun for banvic_etl to 2025-09-08 04:35:00+00:00, run_after=2025-09-09 04:35:00+00:00
[2025-09-08T20:11:02.825+0000] {processor.py:183} INFO - Processing /opt/airflow/dags/banvic_dag.py took 0.780 seconds
[2025-09-08T20:11:32.969+0000] {processor.py:161} INFO - Started process (PID=204) to work on /opt/airflow/dags/banvic_dag.py
[2025-09-08T20:11:32.971+0000] {processor.py:830} INFO - Processing file /opt/airflow/dags/banvic_dag.py for tasks to queue
[2025-09-08T20:11:32.974+0000] {logging_mixin.py:188} INFO - [2025-09-08T20:11:32.973+0000] {dagbag.py:538} INFO - Filling up the DagBag from /opt/airflow/dags/banvic_dag.py
[2025-09-08T20:11:33.540+0000] {processor.py:840} INFO - DAG(s) 'banvic_etl' retrieved from /opt/airflow/dags/banvic_dag.py
[2025-09-08T20:11:33.622+0000] {logging_mixin.py:188} INFO - [2025-09-08T20:11:33.621+0000] {dag.py:3036} INFO - Sync 1 DAGs
[2025-09-08T20:11:33.679+0000] {logging_mixin.py:188} INFO - [2025-09-08T20:11:33.679+0000] {dag.py:3823} INFO - Setting next_dagrun for banvic_etl to 2025-09-08 04:35:00+00:00, run_after=2025-09-09 04:35:00+00:00
[2025-09-08T20:11:33.726+0000] {processor.py:183} INFO - Processing /opt/airflow/dags/banvic_dag.py took 0.762 seconds
[2025-09-08T20:12:03.988+0000] {processor.py:161} INFO - Started process (PID=210) to work on /opt/airflow/dags/banvic_dag.py
[2025-09-08T20:12:03.992+0000] {processor.py:830} INFO - Processing file /opt/airflow/dags/banvic_dag.py for tasks to queue
[2025-09-08T20:12:03.993+0000] {logging_mixin.py:188} INFO - [2025-09-08T20:12:03.993+0000] {dagbag.py:538} INFO - Filling up the DagBag from /opt/airflow/dags/banvic_dag.py
[2025-09-08T20:12:04.522+0000] {processor.py:840} INFO - DAG(s) 'banvic_etl' retrieved from /opt/airflow/dags/banvic_dag.py
[2025-09-08T20:12:04.609+0000] {logging_mixin.py:188} INFO - [2025-09-08T20:12:04.608+0000] {dag.py:3036} INFO - Sync 1 DAGs
[2025-09-08T20:12:04.667+0000] {logging_mixin.py:188} INFO - [2025-09-08T20:12:04.666+0000] {dag.py:3823} INFO - Setting next_dagrun for banvic_etl to 2025-09-08 04:35:00+00:00, run_after=2025-09-09 04:35:00+00:00
[2025-09-08T20:12:04.720+0000] {processor.py:183} INFO - Processing /opt/airflow/dags/banvic_dag.py took 0.740 seconds
[2025-09-08T20:12:34.963+0000] {processor.py:161} INFO - Started process (PID=216) to work on /opt/airflow/dags/banvic_dag.py
[2025-09-08T20:12:34.965+0000] {processor.py:830} INFO - Processing file /opt/airflow/dags/banvic_dag.py for tasks to queue
[2025-09-08T20:12:34.968+0000] {logging_mixin.py:188} INFO - [2025-09-08T20:12:34.967+0000] {dagbag.py:538} INFO - Filling up the DagBag from /opt/airflow/dags/banvic_dag.py
[2025-09-08T20:12:34.140+0000] {processor.py:840} INFO - DAG(s) 'banvic_etl' retrieved from /opt/airflow/dags/banvic_dag.py
[2025-09-08T20:12:34.240+0000] {logging_mixin.py:188} INFO - [2025-09-08T20:12:34.239+0000] {dag.py:3036} INFO - Sync 1 DAGs
[2025-09-08T20:12:34.305+0000] {logging_mixin.py:188} INFO - [2025-09-08T20:12:34.304+0000] {dag.py:3823} INFO - Setting next_dagrun for banvic_etl to 2025-09-08 04:35:00+00:00, run_after=2025-09-09 04:35:00+00:00
[2025-09-08T20:12:34.362+0000] {processor.py:183} INFO - Processing /opt/airflow/dags/banvic_dag.py took 0.769 seconds
[2025-09-08T20:13:04.562+0000] {processor.py:161} INFO - Started process (PID=222) to work on /opt/airflow/dags/banvic_dag.py
[2025-09-08T20:13:04.565+0000] {processor.py:830} INFO - Processing file /opt/airflow/dags/banvic_dag.py for tasks to queue
[2025-09-08T20:13:04.566+0000] {logging_mixin.py:188} INFO - [2025-09-08T20:13:04.566+0000] {dagbag.py:538} INFO - Filling up the DagBag from /opt/airflow/dags/banvic_dag.py
[2025-09-08T20:13:05.150+0000] {processor.py:840} INFO - DAG(s) 'banvic_etl' retrieved from /opt/airflow/dags/banvic_dag.py
[2025-09-08T20:13:05.248+0000] {logging_mixin.py:188} INFO - [2025-09-08T20:13:05.247+0000] {dag.py:3036} INFO - Sync 1 DAGs
[2025-09-08T20:13:05.311+0000] {logging_mixin.py:188} INFO - [2025-09-08T20:13:05.310+0000] {dag.py:3823} INFO - Setting next_dagrun for banvic_etl to 2025-09-08 04:35:00+00:00, run_after=2025-09-09 04:35:00+00:00
[2025-09-08T20:13:05.366+0000] {processor.py:183} INFO - Processing /opt/airflow/dags/banvic_dag.py took 0.813 seconds
[2025-09-08T20:13:35.590+0000] {processor.py:161} INFO - Started process (PID=228) to work on /opt/airflow/dags/banvic_dag.py
[2025-09-08T20:13:35.592+0000] {processor.py:830} INFO - Processing file /opt/airflow/dags/banvic_dag.py for tasks to queue
[2025-09-08T20:13:35.593+0000] {logging_mixin.py:188} INFO - [2025-09-08T20:13:35.593+0000] {dagbag.py:538} INFO - Filling up the DagBag from /opt/airflow/dags/banvic_dag.py
[2025-09-08T20:13:36.197+0000] {processor.py:840} INFO - DAG(s) 'banvic_etl' retrieved from /opt/airflow/dags/banvic_dag.py
[2025-09-08T20:13:36.290+0000] {logging_mixin.py:188} INFO - [2025-09-08T20:13:36.289+0000] {dag.py:3036} INFO - Sync 1 DAGs
[2025-09-08T20:13:36.358+0000] {logging_mixin.py:188} INFO - [2025-09-08T20:13:36.358+0000] {dag.py:3823} INFO - Setting next_dagrun for banvic_etl to 2025-09-08 04:35:00+00:00, run_after=2025-09-09 04:35:00+00:00
[2025-09-08T20:13:36.425+0000] {processor.py:183} INFO - Processing /opt/airflow/dags/banvic_dag.py took 0.842 seconds
[2025-09-08T20:14:06.800+0000] {processor.py:161} INFO - Started process (PID=234) to work on /opt/airflow/dags/banvic_dag.py
[2025-09-08T20:14:06.804+0000] {processor.py:830} INFO - Processing file /opt/airflow/dags/banvic_dag.py for tasks to queue
[2025-09-08T20:14:06.806+0000] {logging_mixin.py:188} INFO - [2025-09-08T20:14:06.805+0000] {dagbag.py:538} INFO - Filling up the DagBag from /opt/airflow/dags/banvic_dag.py
[2025-09-08T20:14:07.382+0000] {processor.py:840} INFO - DAG(s) 'banvic_etl' retrieved from /opt/airflow/dags/banvic_dag.py
[2025-09-08T20:14:07.483+0000] {logging_mixin.py:188} INFO - [2025-09-08T20:14:07.482+0000] {dag.py:3036} INFO - Sync 1 DAGs
[2025-09-08T20:14:07.550+0000] {logging_mixin.py:188} INFO - [2025-09-08T20:14:07.549+0000] {dag.py:3823} INFO - Setting next_dagrun for banvic_etl to 2025-09-08 04:35:00+00:00, run_after=2025-09-09 04:35:00+00:00
[2025-09-08T20:14:07.624+0000] {processor.py:183} INFO - Processing /opt/airflow/dags/banvic_dag.py took 0.831 seconds
[2025-09-08T20:14:37.988+0000] {processor.py:161} INFO - Started process (PID=240) to work on /opt/airflow/dags/banvic_dag.py
[2025-09-08T20:14:37.990+0000] {processor.py:830} INFO - Processing file /opt/airflow/dags/banvic_dag.py for tasks to queue
[2025-09-08T20:14:37.991+0000] {logging_mixin.py:188} INFO - [2025-09-08T20:14:37.991+0000] {dagbag.py:538} INFO - Filling up the DagBag from /opt/airflow/dags/banvic_dag.py
[2025-09-08T20:14:38.581+0000] {processor.py:840} INFO - DAG(s) 'banvic_etl' retrieved from /opt/airflow/dags/banvic_dag.py
[2025-09-08T20:14:38.673+0000] {logging_mixin.py:188} INFO - [2025-09-08T20:14:38.671+0000] {dag.py:3036} INFO - Sync 1 DAGs
[2025-09-08T20:14:38.731+0000] {logging_mixin.py:188} INFO - [2025-09-08T20:14:38.731+0000] {dag.py:3823} INFO - Setting next_dagrun for banvic_etl to 2025-09-08 04:35:00+00:00, run_after=2025-09-09 04:35:00+00:00
[2025-09-08T20:14:38.793+0000] {processor.py:183} INFO - Processing /opt/airflow/dags/banvic_dag.py took 0.813 seconds
[2025-09-08T20:15:09.109+0000] {processor.py:161} INFO - Started process (PID=246) to work on /opt/airflow/dags/banvic_dag.py
[2025-09-08T20:15:09.112+0000] {processor.py:830} INFO - Processing file /opt/airflow/dags/banvic_dag.py for tasks to queue
[2025-09-08T20:15:09.115+0000] {logging_mixin.py:188} INFO - [2025-09-08T20:15:09.114+0000] {dagbag.py:538} INFO - Filling up the DagBag from /opt/airflow/dags/banvic_dag.py
[2025-09-08T20:15:09.673+0000] {processor.py:840} INFO - DAG(s) 'banvic_etl' retrieved from /opt/airflow/dags/banvic_dag.py
[2025-09-08T20:15:09.788+0000] {logging_mixin.py:188} INFO - [2025-09-08T20:15:09.787+0000] {dag.py:3036} INFO - Sync 1 DAGs
[2025-09-08T20:15:09.859+0000] {logging_mixin.py:188} INFO - [2025-09-08T20:15:09.859+0000] {dag.py:3823} INFO - Setting next_dagrun for banvic_etl to 2025-09-08 04:35:00+00:00, run_after=2025-09-09 04:35:00+00:00
[2025-09-08T20:15:09.916+0000] {processor.py:183} INFO - Processing /opt/airflow/dags/banvic_dag.py took 0.810 seconds
[2025-09-08T20:15:40.176+0000] {processor.py:161} INFO - Started process (PID=252) to work on /opt/airflow/dags/banvic_dag.py
[2025-09-08T20:15:40.179+0000] {processor.py:830} INFO - Processing file /opt/airflow/dags/banvic_dag.py for tasks to queue
[2025-09-08T20:15:40.181+0000] {logging_mixin.py:188} INFO - [2025-09-08T20:15:40.181+0000] {dagbag.py:538} INFO - Filling up the DagBag from /opt/airflow/dags/banvic_dag.py
[2025-09-08T20:15:40.744+0000] {processor.py:840} INFO - DAG(s) 'banvic_etl' retrieved from /opt/airflow/dags/banvic_dag.py
[2025-09-08T20:15:40.842+0000] {logging_mixin.py:188} INFO - [2025-09-08T20:15:40.840+0000] {dag.py:3036} INFO - Sync 1 DAGs
[2025-09-08T20:15:40.905+0000] {logging_mixin.py:188} INFO - [2025-09-08T20:15:40.905+0000] {dag.py:3823} INFO - Setting next_dagrun for banvic_etl to 2025-09-08 04:35:00+00:00, run_after=2025-09-09 04:35:00+00:00
[2025-09-08T20:15:40.969+0000] {processor.py:183} INFO - Processing /opt/airflow/dags/banvic_dag.py took 0.798 seconds
[2025-09-08T20:16:11.286+0000] {processor.py:161} INFO - Started process (PID=258) to work on /opt/airflow/dags/banvic_dag.py
[2025-09-08T20:16:11.288+0000] {processor.py:830} INFO - Processing file /opt/airflow/dags/banvic_dag.py for tasks to queue
[2025-09-08T20:16:11.292+0000] {logging_mixin.py:188} INFO - [2025-09-08T20:16:11.290+0000] {dagbag.py:538} INFO - Filling up the DagBag from /opt/airflow/dags/banvic_dag.py
[2025-09-08T20:16:11.956+0000] {processor.py:840} INFO - DAG(s) 'banvic_etl' retrieved from /opt/airflow/dags/banvic_dag.py
[2025-09-08T20:16:12.062+0000] {logging_mixin.py:188} INFO - [2025-09-08T20:16:12.061+0000] {dag.py:3036} INFO - Sync 1 DAGs
[2025-09-08T20:16:12.122+0000] {logging_mixin.py:188} INFO - [2025-09-08T20:16:12.122+0000] {dag.py:3823} INFO - Setting next_dagrun for banvic_etl to 2025-09-08 04:35:00+00:00, run_after=2025-09-09 04:35:00+00:00
[2025-09-08T20:16:12.178+0000] {processor.py:183} INFO - Processing /opt/airflow/dags/banvic_dag.py took 0.897 seconds
[2025-09-08T20:16:42.447+0000] {processor.py:161} INFO - Started process (PID=264) to work on /opt/airflow/dags/banvic_dag.py
[2025-09-08T20:16:42.449+0000] {processor.py:830} INFO - Processing file /opt/airflow/dags/banvic_dag.py for tasks to queue
[2025-09-08T20:16:42.451+0000] {logging_mixin.py:188} INFO - [2025-09-08T20:16:42.450+0000] {dagbag.py:538} INFO - Filling up the DagBag from /opt/airflow/dags/banvic_dag.py
[2025-09-08T20:16:43.024+0000] {processor.py:840} INFO - DAG(s) 'banvic_etl' retrieved from /opt/airflow/dags/banvic_dag.py
[2025-09-08T20:16:43.125+0000] {logging_mixin.py:188} INFO - [2025-09-08T20:16:43.124+0000] {dag.py:3036} INFO - Sync 1 DAGs
[2025-09-08T20:16:43.188+0000] {logging_mixin.py:188} INFO - [2025-09-08T20:16:43.188+0000] {dag.py:3823} INFO - Setting next_dagrun for banvic_etl to 2025-09-08 04:35:00+00:00, run_after=2025-09-09 04:35:00+00:00
[2025-09-08T20:16:43.243+0000] {processor.py:183} INFO - Processing /opt/airflow/dags/banvic_dag.py took 0.803 seconds
[2025-09-08T20:17:13.395+0000] {processor.py:161} INFO - Started process (PID=270) to work on /opt/airflow/dags/banvic_dag.py
[2025-09-08T20:17:13.397+0000] {processor.py:830} INFO - Processing file /opt/airflow/dags/banvic_dag.py for tasks to queue
[2025-09-08T20:17:13.399+0000] {logging_mixin.py:188} INFO - [2025-09-08T20:17:13.398+0000] {dagbag.py:538} INFO - Filling up the DagBag from /opt/airflow/dags/banvic_dag.py
[2025-09-08T20:17:13.995+0000] {processor.py:840} INFO - DAG(s) 'banvic_etl' retrieved from /opt/airflow/dags/banvic_dag.py
[2025-09-08T20:17:14.112+0000] {logging_mixin.py:188} INFO - [2025-09-08T20:17:14.112+0000] {dag.py:3036} INFO - Sync 1 DAGs
[2025-09-08T20:17:14.173+0000] {logging_mixin.py:188} INFO - [2025-09-08T20:17:14.173+0000] {dag.py:3823} INFO - Setting next_dagrun for banvic_etl to 2025-09-08 04:35:00+00:00, run_after=2025-09-09 04:35:00+00:00
[2025-09-08T20:17:14.228+0000] {processor.py:183} INFO - Processing /opt/airflow/dags/banvic_dag.py took 0.844 seconds
[2025-09-08T20:17:44.415+0000] {processor.py:161} INFO - Started process (PID=276) to work on /opt/airflow/dags/banvic_dag.py
[2025-09-08T20:17:44.417+0000] {processor.py:830} INFO - Processing file /opt/airflow/dags/banvic_dag.py for tasks to queue
[2025-09-08T20:17:44.420+0000] {logging_mixin.py:188} INFO - [2025-09-08T20:17:44.418+0000] {dagbag.py:538} INFO - Filling up the DagBag from /opt/airflow/dags/banvic_dag.py
[2025-09-08T20:17:44.940+0000] {processor.py:840} INFO - DAG(s) 'banvic_etl' retrieved from /opt/airflow/dags/banvic_dag.py
[2025-09-08T20:17:45.042+0000] {logging_mixin.py:188} INFO - [2025-09-08T20:17:45.040+0000] {dag.py:3036} INFO - Sync 1 DAGs
[2025-09-08T20:17:45.098+0000] {logging_mixin.py:188} INFO - [2025-09-08T20:17:45.098+0000] {dag.py:3823} INFO - Setting next_dagrun for banvic_etl to 2025-09-08 04:35:00+00:00, run_after=2025-09-09 04:35:00+00:00
[2025-09-08T20:17:45.155+0000] {processor.py:183} INFO - Processing /opt/airflow/dags/banvic_dag.py took 0.743 seconds
[2025-09-08T20:18:15.393+0000] {processor.py:161} INFO - Started process (PID=282) to work on /opt/airflow/dags/banvic_dag.py
[2025-09-08T20:18:15.395+0000] {processor.py:830} INFO - Processing file /opt/airflow/dags/banvic_dag.py for tasks to queue
[2025-09-08T20:18:15.398+0000] {logging_mixin.py:188} INFO - [2025-09-08T20:18:15.397+0000] {dagbag.py:538} INFO - Filling up the DagBag from /opt/airflow/dags/banvic_dag.py
[2025-09-08T20:18:16.095+0000] {processor.py:840} INFO - DAG(s) 'banvic_etl' retrieved from /opt/airflow/dags/banvic_dag.py
[2025-09-08T20:18:16.211+0000] {logging_mixin.py:188} INFO - [2025-09-08T20:18:16.209+0000] {dag.py:3036} INFO - Sync 1 DAGs
[2025-09-08T20:18:16.289+0000] {logging_mixin.py:188} INFO - [2025-09-08T20:18:16.288+0000] {dag.py:3823} INFO - Setting next_dagrun for banvic_etl to 2025-09-08 04:35:00+00:00, run_after=2025-09-09 04:35:00+00:00
[2025-09-08T20:18:16.352+0000] {processor.py:183} INFO - Processing /opt/airflow/dags/banvic_dag.py took 0.968 seconds
[2025-09-08T20:18:46.587+0000] {processor.py:161} INFO - Started process (PID=288) to work on /opt/airflow/dags/banvic_dag.py
[2025-09-08T20:18:46.590+0000] {processor.py:830} INFO - Processing file /opt/airflow/dags/banvic_dag.py for tasks to queue
[2025-09-08T20:18:46.593+0000] {logging_mixin.py:188} INFO - [2025-09-08T20:18:46.592+0000] {dagbag.py:538} INFO - Filling up the DagBag from /opt/airflow/dags/banvic_dag.py
[2025-09-08T20:18:47.141+0000] {processor.py:840} INFO - DAG(s) 'banvic_etl' retrieved from /opt/airflow/dags/banvic_dag.py
[2025-09-08T20:18:47.242+0000] {logging_mixin.py:188} INFO - [2025-09-08T20:18:47.242+0000] {dag.py:3036} INFO - Sync 1 DAGs
[2025-09-08T20:18:47.309+0000] {logging_mixin.py:188} INFO - [2025-09-08T20:18:47.308+0000] {dag.py:3823} INFO - Setting next_dagrun for banvic_etl to 2025-09-08 04:35:00+00:00, run_after=2025-09-09 04:35:00+00:00
[2025-09-08T20:18:47.364+0000] {processor.py:183} INFO - Processing /opt/airflow/dags/banvic_dag.py took 0.784 seconds
[2025-09-08T20:19:18.245+0000] {processor.py:161} INFO - Started process (PID=294) to work on /opt/airflow/dags/banvic_dag.py
[2025-09-08T20:19:18.248+0000] {processor.py:830} INFO - Processing file /opt/airflow/dags/banvic_dag.py for tasks to queue
[2025-09-08T20:19:18.250+0000] {logging_mixin.py:188} INFO - [2025-09-08T20:19:18.249+0000] {dagbag.py:538} INFO - Filling up the DagBag from /opt/airflow/dags/banvic_dag.py
[2025-09-08T20:19:18.834+0000] {processor.py:840} INFO - DAG(s) 'banvic_etl' retrieved from /opt/airflow/dags/banvic_dag.py
[2025-09-08T20:19:18.936+0000] {logging_mixin.py:188} INFO - [2025-09-08T20:19:18.935+0000] {dag.py:3036} INFO - Sync 1 DAGs
[2025-09-08T20:19:18.999+0000] {logging_mixin.py:188} INFO - [2025-09-08T20:19:18.999+0000] {dag.py:3823} INFO - Setting next_dagrun for banvic_etl to 2025-09-08 04:35:00+00:00, run_after=2025-09-09 04:35:00+00:00
[2025-09-08T20:19:19.050+0000] {processor.py:183} INFO - Processing /opt/airflow/dags/banvic_dag.py took 0.812 seconds
[2025-09-08T20:19:49.283+0000] {processor.py:161} INFO - Started process (PID=300) to work on /opt/airflow/dags/banvic_dag.py
[2025-09-08T20:19:49.285+0000] {processor.py:830} INFO - Processing file /opt/airflow/dags/banvic_dag.py for tasks to queue
[2025-09-08T20:19:49.291+0000] {logging_mixin.py:188} INFO - [2025-09-08T20:19:49.288+0000] {dagbag.py:538} INFO - Filling up the DagBag from /opt/airflow/dags/banvic_dag.py
[2025-09-08T20:19:49.900+0000] {processor.py:840} INFO - DAG(s) 'banvic_etl' retrieved from /opt/airflow/dags/banvic_dag.py
[2025-09-08T20:19:49.998+0000] {logging_mixin.py:188} INFO - [2025-09-08T20:19:49.997+0000] {dag.py:3036} INFO - Sync 1 DAGs
[2025-09-08T20:19:50.067+0000] {logging_mixin.py:188} INFO - [2025-09-08T20:19:50.067+0000] {dag.py:3823} INFO - Setting next_dagrun for banvic_etl to 2025-09-08 04:35:00+00:00, run_after=2025-09-09 04:35:00+00:00
[2025-09-08T20:19:50.129+0000] {processor.py:183} INFO - Processing /opt/airflow/dags/banvic_dag.py took 0.851 seconds
[2025-09-08T20:20:20.320+0000] {processor.py:161} INFO - Started process (PID=306) to work on /opt/airflow/dags/banvic_dag.py
[2025-09-08T20:20:20.322+0000] {processor.py:830} INFO - Processing file /opt/airflow/dags/banvic_dag.py for tasks to queue
[2025-09-08T20:20:20.324+0000] {logging_mixin.py:188} INFO - [2025-09-08T20:20:20.323+0000] {dagbag.py:538} INFO - Filling up the DagBag from /opt/airflow/dags/banvic_dag.py
[2025-09-08T20:20:20.861+0000] {processor.py:840} INFO - DAG(s) 'banvic_etl' retrieved from /opt/airflow/dags/banvic_dag.py
[2025-09-08T20:20:20.952+0000] {logging_mixin.py:188} INFO - [2025-09-08T20:20:20.952+0000] {dag.py:3036} INFO - Sync 1 DAGs
[2025-09-08T20:20:21.010+0000] {logging_mixin.py:188} INFO - [2025-09-08T20:20:21.010+0000] {dag.py:3823} INFO - Setting next_dagrun for banvic_etl to 2025-09-08 04:35:00+00:00, run_after=2025-09-09 04:35:00+00:00
[2025-09-08T20:20:21.057+0000] {processor.py:183} INFO - Processing /opt/airflow/dags/banvic_dag.py took 0.743 seconds
[2025-09-08T20:20:51.174+0000] {processor.py:161} INFO - Started process (PID=312) to work on /opt/airflow/dags/banvic_dag.py
[2025-09-08T20:20:51.178+0000] {processor.py:830} INFO - Processing file /opt/airflow/dags/banvic_dag.py for tasks to queue
[2025-09-08T20:20:51.181+0000] {logging_mixin.py:188} INFO - [2025-09-08T20:20:51.180+0000] {dagbag.py:538} INFO - Filling up the DagBag from /opt/airflow/dags/banvic_dag.py
[2025-09-08T20:20:51.875+0000] {processor.py:840} INFO - DAG(s) 'banvic_etl' retrieved from /opt/airflow/dags/banvic_dag.py
[2025-09-08T20:20:51.981+0000] {logging_mixin.py:188} INFO - [2025-09-08T20:20:51.973+0000] {dag.py:3036} INFO - Sync 1 DAGs
[2025-09-08T20:20:52.059+0000] {logging_mixin.py:188} INFO - [2025-09-08T20:20:52.059+0000] {dag.py:3823} INFO - Setting next_dagrun for banvic_etl to 2025-09-08 04:35:00+00:00, run_after=2025-09-09 04:35:00+00:00
[2025-09-08T20:20:52.124+0000] {processor.py:183} INFO - Processing /opt/airflow/dags/banvic_dag.py took 0.957 seconds
[2025-09-08T20:21:22.361+0000] {processor.py:161} INFO - Started process (PID=318) to work on /opt/airflow/dags/banvic_dag.py
[2025-09-08T20:21:22.363+0000] {processor.py:830} INFO - Processing file /opt/airflow/dags/banvic_dag.py for tasks to queue
[2025-09-08T20:21:22.365+0000] {logging_mixin.py:188} INFO - [2025-09-08T20:21:22.364+0000] {dagbag.py:538} INFO - Filling up the DagBag from /opt/airflow/dags/banvic_dag.py
[2025-09-08T20:21:22.971+0000] {processor.py:840} INFO - DAG(s) 'banvic_etl' retrieved from /opt/airflow/dags/banvic_dag.py
[2025-09-08T20:21:23.067+0000] {logging_mixin.py:188} INFO - [2025-09-08T20:21:23.067+0000] {dag.py:3036} INFO - Sync 1 DAGs
[2025-09-08T20:21:23.134+0000] {logging_mixin.py:188} INFO - [2025-09-08T20:21:23.133+0000] {dag.py:3823} INFO - Setting next_dagrun for banvic_etl to 2025-09-08 04:35:00+00:00, run_after=2025-09-09 04:35:00+00:00
[2025-09-08T20:21:23.192+0000] {processor.py:183} INFO - Processing /opt/airflow/dags/banvic_dag.py took 0.837 seconds
[2025-09-08T20:21:54.270+0000] {processor.py:161} INFO - Started process (PID=324) to work on /opt/airflow/dags/banvic_dag.py
[2025-09-08T20:21:54.272+0000] {processor.py:830} INFO - Processing file /opt/airflow/dags/banvic_dag.py for tasks to queue
[2025-09-08T20:21:54.273+0000] {logging_mixin.py:188} INFO - [2025-09-08T20:21:54.273+0000] {dagbag.py:538} INFO - Filling up the DagBag from /opt/airflow/dags/banvic_dag.py
[2025-09-08T20:21:54.862+0000] {processor.py:840} INFO - DAG(s) 'banvic_etl' retrieved from /opt/airflow/dags/banvic_dag.py
[2025-09-08T20:21:54.969+0000] {logging_mixin.py:188} INFO - [2025-09-08T20:21:54.969+0000] {dag.py:3036} INFO - Sync 1 DAGs
[2025-09-08T20:21:55.025+0000] {logging_mixin.py:188} INFO - [2025-09-08T20:21:55.025+0000] {dag.py:3823} INFO - Setting next_dagrun for banvic_etl to 2025-09-08 04:35:00+00:00, run_after=2025-09-09 04:35:00+00:00
[2025-09-08T20:21:55.074+0000] {processor.py:183} INFO - Processing /opt/airflow/dags/banvic_dag.py took 0.815 seconds
